[2026-04-07T10:05:26.638Z] GET http://localhost:8765/cockpit.html → 200 (7ms, 34406B)
[2026-04-07T10:05:26.652Z] GET https://cdn.tailwindcss.com/?plugins=forms,container-queries → pending (?ms, ?B)
[2026-04-07T10:05:26.652Z] GET https://fonts.googleapis.com/css2?family=Inter:wght@400;500;600;700&family=Noto+Serif:wght@700;900&family=JetBrains+Mono:wght@400;500;600&display=swap → pending (?ms, ?B)
[2026-04-07T10:05:26.653Z] GET https://fonts.googleapis.com/css2?family=Material+Symbols+Outlined:wght,FILL@100..700,0..1&display=swap → pending (?ms, ?B)
[2026-04-07T10:05:26.653Z] GET http://localhost:8765/_shell.css → 200 (2ms, 7009B)
[2026-04-07T10:05:26.653Z] GET http://localhost:8765/_shell.js → 200 (4ms, 2891B)
[2026-04-07T10:05:26.758Z] GET https://cdn.tailwindcss.com/3.4.17?plugins=forms@0.5.10,container-queries@0.1.1 → 200 (45ms, 418973B)
[2026-04-07T10:05:26.944Z] GET https://fonts.gstatic.com/s/inter/v20/UcC73FwrK3iLTeHuS_nVMrMxCp50SjIa1ZL7W0Q5nw.woff2 → 200 (121ms, 48432B)
[2026-04-07T10:05:26.944Z] GET https://fonts.gstatic.com/s/notoserif/v33/ga6daw1J5X9T9RW6j9bNVls-hfgvz8JcMofYTYf6D33WsNFH.woff2 → 200 (133ms, 36696B)
[2026-04-07T10:05:26.944Z] GET https://fonts.gstatic.com/s/jetbrainsmono/v24/tDbv2o-flEEny0FZhsfKu5WU4zr3E_BX0PnT8RD8yKwBNntkaToggR7BYRbKPxDcwgknk-4.woff2 → 200 (162ms, 31340B)
[2026-04-07T10:05:26.944Z] GET https://fonts.gstatic.com/s/materialsymbolsoutlined/v323/kJEPBvYX7BgnkSrUwT8OhrdQw4oELdPIeeII9v6oDMzBwG-RpA6RzaxHMPdY40KH8nGzv3fzfVJO1USv9ls.woff2 → 200 (246ms, 1109584B)
[2026-04-07T10:05:27.313Z] GET http://localhost:8765/sources.html → 200 (1ms, 39446B)
[2026-04-07T10:05:27.318Z] GET https://cdn.tailwindcss.com/?plugins=forms → 302 (21ms, ?B)
[2026-04-07T10:05:27.318Z] GET https://fonts.googleapis.com/css2?family=Fraunces:opsz,wght@9..144,700;9..144,900&family=Inter+Tight:wght@400;500;600;700&family=JetBrains+Mono:wght@400;500;600&display=swap → 200 (37ms, 20339B)
[2026-04-07T10:05:27.318Z] GET https://fonts.googleapis.com/css2?family=Material+Symbols+Outlined:wght,FILL@100..700,0..1&display=swap → 200 (1ms, 693B)
[2026-04-07T10:05:27.319Z] GET http://localhost:8765/_shell.css → 200 (?ms, 7009B)
[2026-04-07T10:05:27.319Z] GET http://localhost:8765/_shell.js → 200 (?ms, 2891B)
[2026-04-07T10:05:27.339Z] GET https://cdn.tailwindcss.com/3.4.17?plugins=forms@0.5.10 → 200 (36ms, 417708B)
[2026-04-07T10:05:27.447Z] GET https://fonts.gstatic.com/s/jetbrainsmono/v24/tDbv2o-flEEny0FZhsfKu5WU4zr3E_BX0PnT8RD8yKwBNntkaToggR7BYRbKPxDcwgknk-4.woff2 → 200 (1ms, ?B)
[2026-04-07T10:05:27.448Z] GET https://fonts.gstatic.com/s/materialsymbolsoutlined/v323/kJEPBvYX7BgnkSrUwT8OhrdQw4oELdPIeeII9v6oDMzBwG-RpA6RzaxHMPdY40KH8nGzv3fzfVJO1USv9ls.woff2 → 200 (?ms, ?B)
[2026-04-07T10:05:27.448Z] GET https://fonts.gstatic.com/s/intertight/v9/NGSwv5HMAFg6IuGlBNMjxLsH8ahuQ2e8.woff2 → 200 (20ms, 44916B)
[2026-04-07T10:05:27.448Z] GET https://fonts.gstatic.com/s/fraunces/v38/6NU78FyLNQOQZAnv9bYEvDiIdE9Ea92uemAk_WBq8U_9v0c2Wa0KxC9TeP2Xz5c.woff2 → 200 (27ms, 67388B)
[2026-04-07T10:05:27.601Z] GET http://localhost:8765/table.html → 200 (1ms, 32497B)
[2026-04-07T10:05:27.604Z] GET https://fonts.googleapis.com/css2?family=Fraunces:opsz,wght@9..144,700;9..144,900&family=Inter+Tight:wght@400;500;600;700&family=JetBrains+Mono:wght@400;500;600&display=swap → 200 (?ms, 20339B)
[2026-04-07T10:05:27.604Z] GET https://fonts.googleapis.com/icon?family=Material+Symbols+Outlined → 200 (28ms, 704B)
[2026-04-07T10:05:27.604Z] GET http://localhost:8765/_shell.css → 200 (1ms, 7009B)
[2026-04-07T10:05:27.605Z] GET http://localhost:8765/_shell.js → 200 (?ms, 2891B)
[2026-04-07T10:05:27.646Z] GET https://fonts.gstatic.com/s/fraunces/v38/6NU78FyLNQOQZAnv9bYEvDiIdE9Ea92uemAk_WBq8U_9v0c2Wa0KxC9TeP2Xz5c.woff2 → 200 (?ms, ?B)
[2026-04-07T10:05:27.646Z] GET https://fonts.gstatic.com/s/intertight/v9/NGSwv5HMAFg6IuGlBNMjxLsH8ahuQ2e8.woff2 → 200 (?ms, ?B)
[2026-04-07T10:05:27.646Z] GET https://fonts.gstatic.com/s/jetbrainsmono/v24/tDbv2o-flEEny0FZhsfKu5WU4zr3E_BX0PnT8RD8yKwBNntkaToggR7BYRbKPxDcwgknk-4.woff2 → 200 (?ms, ?B)
[2026-04-07T10:05:27.646Z] GET https://fonts.gstatic.com/s/materialsymbolsoutlined/v323/kJF1BvYX7BgnkSrUwT8OhrdQw4oELdPIeeII9v6oDMzByHX9rA6RzaxHMPdY43zj-jCxv3fzvRNU22ZXGJpEpjC_1v-p_4MrImHCIJIZrDCvHOejbd5zrDAt.woff2 → 200 (83ms, 315412B)
[2026-04-07T10:13:28.632Z] GET http://localhost:8765/cockpit.html → 200 (2ms, 34406B)
[2026-04-07T10:13:28.640Z] GET https://cdn.tailwindcss.com/?plugins=forms,container-queries → 200 (1ms, 418973B)
[2026-04-07T10:13:28.641Z] GET https://fonts.googleapis.com/css2?family=Inter:wght@400;500;600;700&family=Noto+Serif:wght@700;900&family=JetBrains+Mono:wght@400;500;600&display=swap → 200 (?ms, 25391B)
[2026-04-07T10:13:28.641Z] GET https://fonts.googleapis.com/css2?family=Material+Symbols+Outlined:wght,FILL@100..700,0..1&display=swap → 200 (1ms, 693B)
[2026-04-07T10:13:28.642Z] GET http://localhost:8765/_shell.css → 200 (5ms, 10781B)
[2026-04-07T10:13:28.642Z] GET http://localhost:8765/_shell.js → 200 (6ms, 3712B)
[2026-04-07T10:13:28.699Z] GET https://fonts.gstatic.com/s/inter/v20/UcC73FwrK3iLTeHuS_nVMrMxCp50SjIa1ZL7W0Q5nw.woff2 → 200 (1ms, ?B)
[2026-04-07T10:13:28.700Z] GET https://fonts.gstatic.com/s/jetbrainsmono/v24/tDbv2o-flEEny0FZhsfKu5WU4zr3E_BX0PnT8RD8yKwBNntkaToggR7BYRbKPxDcwgknk-4.woff2 → 200 (?ms, ?B)
[2026-04-07T10:13:28.701Z] GET https://fonts.gstatic.com/s/notoserif/v33/ga6daw1J5X9T9RW6j9bNVls-hfgvz8JcMofYTYf6D33WsNFH.woff2 → 200 (1ms, ?B)
[2026-04-07T10:13:28.702Z] GET https://fonts.gstatic.com/s/materialsymbolsoutlined/v323/kJEPBvYX7BgnkSrUwT8OhrdQw4oELdPIeeII9v6oDMzBwG-RpA6RzaxHMPdY40KH8nGzv3fzfVJO1USv9ls.woff2 → 200 (?ms, ?B)
[2026-04-07T10:13:28.896Z] GET http://localhost:8765/cockpit.html → 200 (1ms, 34406B)
[2026-04-07T10:13:28.901Z] GET https://cdn.tailwindcss.com/?plugins=forms,container-queries → 200 (?ms, 418973B)
[2026-04-07T10:13:28.901Z] GET https://fonts.googleapis.com/css2?family=Inter:wght@400;500;600;700&family=Noto+Serif:wght@700;900&family=JetBrains+Mono:wght@400;500;600&display=swap → 200 (?ms, 25391B)
[2026-04-07T10:13:28.901Z] GET https://fonts.googleapis.com/css2?family=Material+Symbols+Outlined:wght,FILL@100..700,0..1&display=swap → 200 (?ms, 693B)
[2026-04-07T10:13:28.902Z] GET http://localhost:8765/_shell.css → 200 (?ms, 10781B)
[2026-04-07T10:13:28.902Z] GET http://localhost:8765/_shell.js → 200 (?ms, 3712B)
[2026-04-07T10:13:28.942Z] GET https://fonts.gstatic.com/s/inter/v20/UcC73FwrK3iLTeHuS_nVMrMxCp50SjIa1ZL7W0Q5nw.woff2 → 200 (?ms, ?B)
[2026-04-07T10:13:28.943Z] GET https://fonts.gstatic.com/s/jetbrainsmono/v24/tDbv2o-flEEny0FZhsfKu5WU4zr3E_BX0PnT8RD8yKwBNntkaToggR7BYRbKPxDcwgknk-4.woff2 → 200 (?ms, ?B)
[2026-04-07T10:13:28.943Z] GET https://fonts.gstatic.com/s/notoserif/v33/ga6daw1J5X9T9RW6j9bNVls-hfgvz8JcMofYTYf6D33WsNFH.woff2 → 200 (?ms, ?B)
[2026-04-07T10:13:28.943Z] GET https://fonts.gstatic.com/s/materialsymbolsoutlined/v323/kJEPBvYX7BgnkSrUwT8OhrdQw4oELdPIeeII9v6oDMzBwG-RpA6RzaxHMPdY40KH8nGzv3fzfVJO1USv9ls.woff2 → 200 (?ms, ?B)
[2026-04-07T10:13:29.108Z] GET http://localhost:8765/cockpit.html → 200 (?ms, 34406B)
[2026-04-07T10:13:29.110Z] GET https://cdn.tailwindcss.com/?plugins=forms,container-queries → 200 (1ms, 418973B)
[2026-04-07T10:13:29.111Z] GET https://fonts.googleapis.com/css2?family=Inter:wght@400;500;600;700&family=Noto+Serif:wght@700;900&family=JetBrains+Mono:wght@400;500;600&display=swap → 200 (?ms, 25391B)
[2026-04-07T10:13:29.111Z] GET https://fonts.googleapis.com/css2?family=Material+Symbols+Outlined:wght,FILL@100..700,0..1&display=swap → 200 (?ms, 693B)
[2026-04-07T10:13:29.111Z] GET http://localhost:8765/_shell.css → 200 (?ms, 10781B)
[2026-04-07T10:13:29.111Z] GET http://localhost:8765/_shell.js → 200 (?ms, 3712B)
[2026-04-07T10:13:29.153Z] GET https://fonts.gstatic.com/s/inter/v20/UcC73FwrK3iLTeHuS_nVMrMxCp50SjIa1ZL7W0Q5nw.woff2 → 200 (?ms, ?B)
[2026-04-07T10:13:29.153Z] GET https://fonts.gstatic.com/s/jetbrainsmono/v24/tDbv2o-flEEny0FZhsfKu5WU4zr3E_BX0PnT8RD8yKwBNntkaToggR7BYRbKPxDcwgknk-4.woff2 → 200 (?ms, ?B)
[2026-04-07T10:13:29.153Z] GET https://fonts.gstatic.com/s/notoserif/v33/ga6daw1J5X9T9RW6j9bNVls-hfgvz8JcMofYTYf6D33WsNFH.woff2 → 200 (?ms, ?B)
[2026-04-07T10:13:29.153Z] GET https://fonts.gstatic.com/s/materialsymbolsoutlined/v323/kJEPBvYX7BgnkSrUwT8OhrdQw4oELdPIeeII9v6oDMzBwG-RpA6RzaxHMPdY40KH8nGzv3fzfVJO1USv9ls.woff2 → 200 (?ms, ?B)
[2026-04-07T10:13:29.325Z] GET http://localhost:8765/briefing.html → 200 (1ms, 14134B)
[2026-04-07T10:13:29.328Z] GET https://fonts.googleapis.com/css2?family=Fraunces:opsz,wght@9..144,700;9..144,900&family=Inter+Tight:wght@400;500;600;700&family=JetBrains+Mono:wght@400;500;600&display=swap → 200 (?ms, 20339B)
[2026-04-07T10:13:29.328Z] GET https://fonts.googleapis.com/icon?family=Material+Symbols+Outlined → 200 (1ms, 704B)
[2026-04-07T10:13:29.329Z] GET http://localhost:8765/_shell.css → 200 (?ms, 10781B)
[2026-04-07T10:13:29.329Z] GET http://localhost:8765/_shell.js → 200 (?ms, 3712B)
[2026-04-07T10:13:29.331Z] GET https://fonts.gstatic.com/s/fraunces/v38/6NU78FyLNQOQZAnv9bYEvDiIdE9Ea92uemAk_WBq8U_9v0c2Wa0KxC9TeP2Xz5c.woff2 → 200 (?ms, ?B)
[2026-04-07T10:13:29.331Z] GET https://fonts.gstatic.com/s/intertight/v9/NGSwv5HMAFg6IuGlBNMjxLsH8ahuQ2e8.woff2 → 200 (?ms, ?B)
[2026-04-07T10:13:29.331Z] GET https://fonts.gstatic.com/s/jetbrainsmono/v24/tDbv2o-flEEny0FZhsfKu5WU4zr3E_BX0PnT8RD8yKwBNntkaToggR7BYRbKPxDcwgknk-4.woff2 → 200 (?ms, ?B)
[2026-04-07T10:13:29.331Z] GET https://fonts.gstatic.com/s/materialsymbolsoutlined/v323/kJF1BvYX7BgnkSrUwT8OhrdQw4oELdPIeeII9v6oDMzByHX9rA6RzaxHMPdY43zj-jCxv3fzvRNU22ZXGJpEpjC_1v-p_4MrImHCIJIZrDCvHOejbd5zrDAt.woff2 → 200 (?ms, ?B)
[2026-04-07T10:13:29.534Z] GET http://localhost:8765/briefing.html → 200 (?ms, 14134B)
[2026-04-07T10:13:29.536Z] GET https://fonts.googleapis.com/css2?family=Fraunces:opsz,wght@9..144,700;9..144,900&family=Inter+Tight:wght@400;500;600;700&family=JetBrains+Mono:wght@400;500;600&display=swap → 200 (?ms, 20339B)
[2026-04-07T10:13:29.536Z] GET https://fonts.googleapis.com/icon?family=Material+Symbols+Outlined → 200 (1ms, 704B)
[2026-04-07T10:13:29.537Z] GET http://localhost:8765/_shell.css → 200 (?ms, 10781B)
[2026-04-07T10:13:29.537Z] GET http://localhost:8765/_shell.js → 200 (?ms, 3712B)
[2026-04-07T10:13:29.538Z] GET https://fonts.gstatic.com/s/fraunces/v38/6NU78FyLNQOQZAnv9bYEvDiIdE9Ea92uemAk_WBq8U_9v0c2Wa0KxC9TeP2Xz5c.woff2 → 200 (?ms, ?B)
[2026-04-07T10:13:29.538Z] GET https://fonts.gstatic.com/s/intertight/v9/NGSwv5HMAFg6IuGlBNMjxLsH8ahuQ2e8.woff2 → 200 (?ms, ?B)
[2026-04-07T10:13:29.538Z] GET https://fonts.gstatic.com/s/jetbrainsmono/v24/tDbv2o-flEEny0FZhsfKu5WU4zr3E_BX0PnT8RD8yKwBNntkaToggR7BYRbKPxDcwgknk-4.woff2 → 200 (?ms, ?B)
[2026-04-07T10:13:29.538Z] GET https://fonts.gstatic.com/s/materialsymbolsoutlined/v323/kJF1BvYX7BgnkSrUwT8OhrdQw4oELdPIeeII9v6oDMzByHX9rA6RzaxHMPdY43zj-jCxv3fzvRNU22ZXGJpEpjC_1v-p_4MrImHCIJIZrDCvHOejbd5zrDAt.woff2 → 200 (?ms, ?B)
[2026-04-07T10:13:29.751Z] GET http://localhost:8765/briefing.html → 200 (1ms, 14134B)
[2026-04-07T10:13:29.754Z] GET https://fonts.googleapis.com/css2?family=Fraunces:opsz,wght@9..144,700;9..144,900&family=Inter+Tight:wght@400;500;600;700&family=JetBrains+Mono:wght@400;500;600&display=swap → 200 (?ms, 20339B)
[2026-04-07T10:13:29.754Z] GET https://fonts.googleapis.com/icon?family=Material+Symbols+Outlined → 200 (?ms, 704B)
[2026-04-07T10:13:29.755Z] GET http://localhost:8765/_shell.css → 200 (?ms, 10781B)
[2026-04-07T10:13:29.755Z] GET http://localhost:8765/_shell.js → 200 (?ms, 3712B)
[2026-04-07T10:13:29.756Z] GET https://fonts.gstatic.com/s/fraunces/v38/6NU78FyLNQOQZAnv9bYEvDiIdE9Ea92uemAk_WBq8U_9v0c2Wa0KxC9TeP2Xz5c.woff2 → 200 (1ms, ?B)
[2026-04-07T10:13:29.757Z] GET https://fonts.gstatic.com/s/intertight/v9/NGSwv5HMAFg6IuGlBNMjxLsH8ahuQ2e8.woff2 → 200 (?ms, ?B)
[2026-04-07T10:13:29.757Z] GET https://fonts.gstatic.com/s/jetbrainsmono/v24/tDbv2o-flEEny0FZhsfKu5WU4zr3E_BX0PnT8RD8yKwBNntkaToggR7BYRbKPxDcwgknk-4.woff2 → 200 (?ms, ?B)
[2026-04-07T10:13:29.757Z] GET https://fonts.gstatic.com/s/materialsymbolsoutlined/v323/kJF1BvYX7BgnkSrUwT8OhrdQw4oELdPIeeII9v6oDMzByHX9rA6RzaxHMPdY43zj-jCxv3fzvRNU22ZXGJpEpjC_1v-p_4MrImHCIJIZrDCvHOejbd5zrDAt.woff2 → 200 (?ms, ?B)
[2026-04-07T10:13:29.967Z] GET http://localhost:8765/settings.html → 200 (2ms, 13900B)
[2026-04-07T10:13:29.971Z] GET https://fonts.googleapis.com/css2?family=Fraunces:opsz,wght@9..144,700;9..144,900&family=Inter+Tight:wght@400;500;600;700&family=JetBrains+Mono:wght@400;500;600&display=swap → 200 (?ms, 20339B)
[2026-04-07T10:13:29.971Z] GET https://fonts.googleapis.com/icon?family=Material+Symbols+Outlined → 200 (?ms, 704B)
[2026-04-07T10:13:29.971Z] GET http://localhost:8765/_shell.css → 200 (?ms, 10781B)
[2026-04-07T10:13:29.971Z] GET http://localhost:8765/_shell.js → 304 (1ms, ?B)
[2026-04-07T10:13:29.980Z] GET https://fonts.gstatic.com/s/fraunces/v38/6NU78FyLNQOQZAnv9bYEvDiIdE9Ea92uemAk_WBq8U_9v0c2Wa0KxC9TeP2Xz5c.woff2 → 200 (?ms, ?B)
[2026-04-07T10:13:29.980Z] GET https://fonts.gstatic.com/s/intertight/v9/NGSwv5HMAFg6IuGlBNMjxLsH8ahuQ2e8.woff2 → 200 (?ms, ?B)
[2026-04-07T10:13:29.980Z] GET https://fonts.gstatic.com/s/jetbrainsmono/v24/tDbv2o-flEEny0FZhsfKu5WU4zr3E_BX0PnT8RD8yKwBNntkaToggR7BYRbKPxDcwgknk-4.woff2 → 200 (?ms, ?B)
[2026-04-07T10:13:29.980Z] GET https://fonts.gstatic.com/s/materialsymbolsoutlined/v323/kJF1BvYX7BgnkSrUwT8OhrdQw4oELdPIeeII9v6oDMzByHX9rA6RzaxHMPdY43zj-jCxv3fzvRNU22ZXGJpEpjC_1v-p_4MrImHCIJIZrDCvHOejbd5zrDAt.woff2 → 200 (?ms, ?B)
[2026-04-07T10:13:30.160Z] GET http://localhost:8765/settings.html → 200 (?ms, 13900B)
[2026-04-07T10:13:30.162Z] GET https://fonts.googleapis.com/css2?family=Fraunces:opsz,wght@9..144,700;9..144,900&family=Inter+Tight:wght@400;500;600;700&family=JetBrains+Mono:wght@400;500;600&display=swap → 200 (?ms, 20339B)
[2026-04-07T10:13:30.162Z] GET https://fonts.googleapis.com/icon?family=Material+Symbols+Outlined → 200 (1ms, 704B)
[2026-04-07T10:13:30.163Z] GET http://localhost:8765/_shell.css → 200 (?ms, 10781B)
[2026-04-07T10:13:30.163Z] GET http://localhost:8765/_shell.js → 200 (?ms, 3712B)
[2026-04-07T10:13:30.170Z] GET https://fonts.gstatic.com/s/fraunces/v38/6NU78FyLNQOQZAnv9bYEvDiIdE9Ea92uemAk_WBq8U_9v0c2Wa0KxC9TeP2Xz5c.woff2 → 200 (?ms, ?B)
[2026-04-07T10:13:30.170Z] GET https://fonts.gstatic.com/s/intertight/v9/NGSwv5HMAFg6IuGlBNMjxLsH8ahuQ2e8.woff2 → 200 (?ms, ?B)
[2026-04-07T10:13:30.170Z] GET https://fonts.gstatic.com/s/jetbrainsmono/v24/tDbv2o-flEEny0FZhsfKu5WU4zr3E_BX0PnT8RD8yKwBNntkaToggR7BYRbKPxDcwgknk-4.woff2 → 200 (1ms, ?B)
[2026-04-07T10:13:30.171Z] GET https://fonts.gstatic.com/s/materialsymbolsoutlined/v323/kJF1BvYX7BgnkSrUwT8OhrdQw4oELdPIeeII9v6oDMzByHX9rA6RzaxHMPdY43zj-jCxv3fzvRNU22ZXGJpEpjC_1v-p_4MrImHCIJIZrDCvHOejbd5zrDAt.woff2 → 200 (?ms, ?B)
[2026-04-07T10:13:30.345Z] GET http://localhost:8765/settings.html → 200 (?ms, 13900B)
[2026-04-07T10:13:30.348Z] GET https://fonts.googleapis.com/css2?family=Fraunces:opsz,wght@9..144,700;9..144,900&family=Inter+Tight:wght@400;500;600;700&family=JetBrains+Mono:wght@400;500;600&display=swap → 200 (?ms, 20339B)
[2026-04-07T10:13:30.348Z] GET https://fonts.googleapis.com/icon?family=Material+Symbols+Outlined → 200 (1ms, 704B)
[2026-04-07T10:13:30.349Z] GET http://localhost:8765/_shell.css → 200 (?ms, 10781B)
[2026-04-07T10:13:30.349Z] GET http://localhost:8765/_shell.js → 200 (?ms, 3712B)
[2026-04-07T10:13:30.355Z] GET https://fonts.gstatic.com/s/fraunces/v38/6NU78FyLNQOQZAnv9bYEvDiIdE9Ea92uemAk_WBq8U_9v0c2Wa0KxC9TeP2Xz5c.woff2 → 200 (?ms, ?B)
[2026-04-07T10:13:30.357Z] GET https://fonts.gstatic.com/s/intertight/v9/NGSwv5HMAFg6IuGlBNMjxLsH8ahuQ2e8.woff2 → 200 (?ms, ?B)
[2026-04-07T10:13:30.357Z] GET https://fonts.gstatic.com/s/jetbrainsmono/v24/tDbv2o-flEEny0FZhsfKu5WU4zr3E_BX0PnT8RD8yKwBNntkaToggR7BYRbKPxDcwgknk-4.woff2 → 200 (?ms, ?B)
[2026-04-07T10:13:30.358Z] GET https://fonts.gstatic.com/s/materialsymbolsoutlined/v323/kJF1BvYX7BgnkSrUwT8OhrdQw4oELdPIeeII9v6oDMzByHX9rA6RzaxHMPdY43zj-jCxv3fzvRNU22ZXGJpEpjC_1v-p_4MrImHCIJIZrDCvHOejbd5zrDAt.woff2 → 200 (?ms, ?B)
[2026-04-07T10:13:30.545Z] GET http://localhost:8765/markets.html → 200 (1ms, 10898B)
[2026-04-07T10:13:30.548Z] GET https://fonts.googleapis.com/css2?family=Fraunces:opsz,wght@9..144,700;9..144,900&family=Inter+Tight:wght@400;500;600;700&family=JetBrains+Mono:wght@400;500;600&display=swap → 200 (?ms, 20339B)
[2026-04-07T10:13:30.548Z] GET https://fonts.googleapis.com/icon?family=Material+Symbols+Outlined → 200 (?ms, 704B)
[2026-04-07T10:13:30.548Z] GET http://localhost:8765/_shell.css → 200 (?ms, 10781B)
[2026-04-07T10:13:30.548Z] GET http://localhost:8765/_shell.js → 200 (1ms, 3712B)
[2026-04-07T10:13:30.551Z] GET https://fonts.gstatic.com/s/fraunces/v38/6NU78FyLNQOQZAnv9bYEvDiIdE9Ea92uemAk_WBq8U_9v0c2Wa0KxC9TeP2Xz5c.woff2 → 200 (?ms, ?B)
[2026-04-07T10:13:30.551Z] GET https://fonts.gstatic.com/s/intertight/v9/NGSwv5HMAFg6IuGlBNMjxLsH8ahuQ2e8.woff2 → 200 (?ms, ?B)
[2026-04-07T10:13:30.551Z] GET https://fonts.gstatic.com/s/jetbrainsmono/v24/tDbv2o-flEEny0FZhsfKu5WU4zr3E_BX0PnT8RD8yKwBNntkaToggR7BYRbKPxDcwgknk-4.woff2 → 200 (?ms, ?B)
[2026-04-07T10:13:30.551Z] GET https://fonts.gstatic.com/s/materialsymbolsoutlined/v323/kJF1BvYX7BgnkSrUwT8OhrdQw4oELdPIeeII9v6oDMzByHX9rA6RzaxHMPdY43zj-jCxv3fzvRNU22ZXGJpEpjC_1v-p_4MrImHCIJIZrDCvHOejbd5zrDAt.woff2 → 200 (?ms, ?B)
[2026-04-07T10:13:30.722Z] GET http://localhost:8765/markets.html → 200 (1ms, 10898B)
[2026-04-07T10:13:30.725Z] GET https://fonts.googleapis.com/css2?family=Fraunces:opsz,wght@9..144,700;9..144,900&family=Inter+Tight:wght@400;500;600;700&family=JetBrains+Mono:wght@400;500;600&display=swap → 200 (?ms, 20339B)
[2026-04-07T10:13:30.725Z] GET https://fonts.googleapis.com/icon?family=Material+Symbols+Outlined → 200 (?ms, 704B)
[2026-04-07T10:13:30.725Z] GET http://localhost:8765/_shell.css → 200 (?ms, 10781B)
[2026-04-07T10:13:30.726Z] GET http://localhost:8765/_shell.js → 200 (?ms, 3712B)
[2026-04-07T10:13:30.727Z] GET https://fonts.gstatic.com/s/fraunces/v38/6NU78FyLNQOQZAnv9bYEvDiIdE9Ea92uemAk_WBq8U_9v0c2Wa0KxC9TeP2Xz5c.woff2 → 200 (?ms, ?B)
[2026-04-07T10:13:30.727Z] GET https://fonts.gstatic.com/s/intertight/v9/NGSwv5HMAFg6IuGlBNMjxLsH8ahuQ2e8.woff2 → 200 (?ms, ?B)
[2026-04-07T10:13:30.727Z] GET https://fonts.gstatic.com/s/jetbrainsmono/v24/tDbv2o-flEEny0FZhsfKu5WU4zr3E_BX0PnT8RD8yKwBNntkaToggR7BYRbKPxDcwgknk-4.woff2 → 200 (?ms, ?B)
[2026-04-07T10:13:30.727Z] GET https://fonts.gstatic.com/s/materialsymbolsoutlined/v323/kJF1BvYX7BgnkSrUwT8OhrdQw4oELdPIeeII9v6oDMzByHX9rA6RzaxHMPdY43zj-jCxv3fzvRNU22ZXGJpEpjC_1v-p_4MrImHCIJIZrDCvHOejbd5zrDAt.woff2 → 200 (?ms, ?B)
[2026-04-07T10:13:30.889Z] GET http://localhost:8765/markets.html → 200 (1ms, 10898B)
[2026-04-07T10:13:30.892Z] GET https://fonts.googleapis.com/css2?family=Fraunces:opsz,wght@9..144,700;9..144,900&family=Inter+Tight:wght@400;500;600;700&family=JetBrains+Mono:wght@400;500;600&display=swap → 200 (?ms, 20339B)
[2026-04-07T10:13:30.892Z] GET https://fonts.googleapis.com/icon?family=Material+Symbols+Outlined → 200 (1ms, 704B)
[2026-04-07T10:13:30.893Z] GET http://localhost:8765/_shell.css → 200 (?ms, 10781B)
[2026-04-07T10:13:30.893Z] GET http://localhost:8765/_shell.js → 200 (?ms, 3712B)
[2026-04-07T10:13:30.894Z] GET https://fonts.gstatic.com/s/fraunces/v38/6NU78FyLNQOQZAnv9bYEvDiIdE9Ea92uemAk_WBq8U_9v0c2Wa0KxC9TeP2Xz5c.woff2 → 200 (?ms, ?B)
[2026-04-07T10:13:30.894Z] GET https://fonts.gstatic.com/s/intertight/v9/NGSwv5HMAFg6IuGlBNMjxLsH8ahuQ2e8.woff2 → 200 (?ms, ?B)
[2026-04-07T10:13:30.894Z] GET https://fonts.gstatic.com/s/jetbrainsmono/v24/tDbv2o-flEEny0FZhsfKu5WU4zr3E_BX0PnT8RD8yKwBNntkaToggR7BYRbKPxDcwgknk-4.woff2 → 200 (?ms, ?B)
[2026-04-07T10:13:30.894Z] GET https://fonts.gstatic.com/s/materialsymbolsoutlined/v323/kJF1BvYX7BgnkSrUwT8OhrdQw4oELdPIeeII9v6oDMzByHX9rA6RzaxHMPdY43zj-jCxv3fzvRNU22ZXGJpEpjC_1v-p_4MrImHCIJIZrDCvHOejbd5zrDAt.woff2 → 200 (?ms, ?B)
[2026-04-07T10:13:31.058Z] GET http://localhost:8765/table.html → 200 (1ms, 32521B)
[2026-04-07T10:13:31.062Z] GET https://fonts.googleapis.com/css2?family=Fraunces:opsz,wght@9..144,700;9..144,900&family=Inter+Tight:wght@400;500;600;700&family=JetBrains+Mono:wght@400;500;600&display=swap → 200 (?ms, 20339B)
[2026-04-07T10:13:31.062Z] GET https://fonts.googleapis.com/icon?family=Material+Symbols+Outlined → 200 (?ms, 704B)
[2026-04-07T10:13:31.062Z] GET http://localhost:8765/_shell.css → 200 (?ms, 10781B)
[2026-04-07T10:13:31.062Z] GET http://localhost:8765/_shell.js → 304 (?ms, ?B)
[2026-04-07T10:13:31.072Z] GET https://fonts.gstatic.com/s/fraunces/v38/6NU78FyLNQOQZAnv9bYEvDiIdE9Ea92uemAk_WBq8U_9v0c2Wa0KxC9TeP2Xz5c.woff2 → 200 (?ms, ?B)
[2026-04-07T10:13:31.073Z] GET https://fonts.gstatic.com/s/intertight/v9/NGSwv5HMAFg6IuGlBNMjxLsH8ahuQ2e8.woff2 → 200 (?ms, ?B)
[2026-04-07T10:13:31.073Z] GET https://fonts.gstatic.com/s/jetbrainsmono/v24/tDbv2o-flEEny0FZhsfKu5WU4zr3E_BX0PnT8RD8yKwBNntkaToggR7BYRbKPxDcwgknk-4.woff2 → 200 (?ms, ?B)
[2026-04-07T10:13:31.073Z] GET https://fonts.gstatic.com/s/materialsymbolsoutlined/v323/kJF1BvYX7BgnkSrUwT8OhrdQw4oELdPIeeII9v6oDMzByHX9rA6RzaxHMPdY43zj-jCxv3fzvRNU22ZXGJpEpjC_1v-p_4MrImHCIJIZrDCvHOejbd5zrDAt.woff2 → 200 (?ms, ?B)
[2026-04-07T10:13:31.216Z] GET http://localhost:8765/table.html → 200 (?ms, 32521B)
[2026-04-07T10:13:31.219Z] GET https://fonts.googleapis.com/css2?family=Fraunces:opsz,wght@9..144,700;9..144,900&family=Inter+Tight:wght@400;500;600;700&family=JetBrains+Mono:wght@400;500;600&display=swap → 200 (?ms, 20339B)
[2026-04-07T10:13:31.219Z] GET https://fonts.googleapis.com/icon?family=Material+Symbols+Outlined → 200 (?ms, 704B)
[2026-04-07T10:13:31.219Z] GET http://localhost:8765/_shell.css → 200 (?ms, 10781B)
[2026-04-07T10:13:31.219Z] GET http://localhost:8765/_shell.js → 200 (?ms, 3712B)
[2026-04-07T10:13:31.229Z] GET https://fonts.gstatic.com/s/fraunces/v38/6NU78FyLNQOQZAnv9bYEvDiIdE9Ea92uemAk_WBq8U_9v0c2Wa0KxC9TeP2Xz5c.woff2 → 200 (?ms, ?B)
[2026-04-07T10:13:31.229Z] GET https://fonts.gstatic.com/s/intertight/v9/NGSwv5HMAFg6IuGlBNMjxLsH8ahuQ2e8.woff2 → 200 (?ms, ?B)
[2026-04-07T10:13:31.230Z] GET https://fonts.gstatic.com/s/jetbrainsmono/v24/tDbv2o-flEEny0FZhsfKu5WU4zr3E_BX0PnT8RD8yKwBNntkaToggR7BYRbKPxDcwgknk-4.woff2 → 200 (?ms, ?B)
[2026-04-07T10:13:31.230Z] GET https://fonts.gstatic.com/s/materialsymbolsoutlined/v323/kJF1BvYX7BgnkSrUwT8OhrdQw4oELdPIeeII9v6oDMzByHX9rA6RzaxHMPdY43zj-jCxv3fzvRNU22ZXGJpEpjC_1v-p_4MrImHCIJIZrDCvHOejbd5zrDAt.woff2 → 200 (?ms, ?B)
[2026-04-07T10:13:31.383Z] GET http://localhost:8765/table.html → 200 (1ms, 32521B)
[2026-04-07T10:13:31.386Z] GET https://fonts.googleapis.com/css2?family=Fraunces:opsz,wght@9..144,700;9..144,900&family=Inter+Tight:wght@400;500;600;700&family=JetBrains+Mono:wght@400;500;600&display=swap → 200 (?ms, 20339B)
[2026-04-07T10:13:31.387Z] GET https://fonts.googleapis.com/icon?family=Material+Symbols+Outlined → 200 (?ms, 704B)
[2026-04-07T10:13:31.387Z] GET http://localhost:8765/_shell.css → 200 (?ms, 10781B)
[2026-04-07T10:13:31.387Z] GET http://localhost:8765/_shell.js → 200 (?ms, 3712B)
[2026-04-07T10:13:31.397Z] GET https://fonts.gstatic.com/s/fraunces/v38/6NU78FyLNQOQZAnv9bYEvDiIdE9Ea92uemAk_WBq8U_9v0c2Wa0KxC9TeP2Xz5c.woff2 → 200 (?ms, ?B)
[2026-04-07T10:13:31.397Z] GET https://fonts.gstatic.com/s/intertight/v9/NGSwv5HMAFg6IuGlBNMjxLsH8ahuQ2e8.woff2 → 200 (?ms, ?B)
[2026-04-07T10:13:31.397Z] GET https://fonts.gstatic.com/s/jetbrainsmono/v24/tDbv2o-flEEny0FZhsfKu5WU4zr3E_BX0PnT8RD8yKwBNntkaToggR7BYRbKPxDcwgknk-4.woff2 → 200 (?ms, ?B)
[2026-04-07T10:13:31.397Z] GET https://fonts.gstatic.com/s/materialsymbolsoutlined/v323/kJF1BvYX7BgnkSrUwT8OhrdQw4oELdPIeeII9v6oDMzByHX9rA6RzaxHMPdY43zj-jCxv3fzvRNU22ZXGJpEpjC_1v-p_4MrImHCIJIZrDCvHOejbd5zrDAt.woff2 → 200 (?ms, ?B)
[2026-04-07T10:13:31.548Z] GET http://localhost:8765/audit.html → 200 (1ms, 10649B)
[2026-04-07T10:13:31.552Z] GET https://fonts.googleapis.com/css2?family=Fraunces:opsz,wght@9..144,700;9..144,900&family=Inter+Tight:wght@400;500;600;700&family=JetBrains+Mono:wght@400;500;600&display=swap → 200 (?ms, 20339B)
[2026-04-07T10:13:31.552Z] GET https://fonts.googleapis.com/icon?family=Material+Symbols+Outlined → 200 (?ms, 704B)
[2026-04-07T10:13:31.552Z] GET http://localhost:8765/_shell.css → 200 (?ms, 10781B)
[2026-04-07T10:13:31.552Z] GET http://localhost:8765/_shell.js → 200 (?ms, 3712B)
[2026-04-07T10:13:31.561Z] GET https://fonts.gstatic.com/s/fraunces/v38/6NU78FyLNQOQZAnv9bYEvDiIdE9Ea92uemAk_WBq8U_9v0c2Wa0KxC9TeP2Xz5c.woff2 → 200 (?ms, ?B)
[2026-04-07T10:13:31.561Z] GET https://fonts.gstatic.com/s/intertight/v9/NGSwv5HMAFg6IuGlBNMjxLsH8ahuQ2e8.woff2 → 200 (?ms, ?B)
[2026-04-07T10:13:31.562Z] GET https://fonts.gstatic.com/s/jetbrainsmono/v24/tDbv2o-flEEny0FZhsfKu5WU4zr3E_BX0PnT8RD8yKwBNntkaToggR7BYRbKPxDcwgknk-4.woff2 → 200 (?ms, ?B)
[2026-04-07T10:13:31.562Z] GET https://fonts.gstatic.com/s/materialsymbolsoutlined/v323/kJF1BvYX7BgnkSrUwT8OhrdQw4oELdPIeeII9v6oDMzByHX9rA6RzaxHMPdY43zj-jCxv3fzvRNU22ZXGJpEpjC_1v-p_4MrImHCIJIZrDCvHOejbd5zrDAt.woff2 → 200 (?ms, ?B)
[2026-04-07T10:13:31.717Z] GET http://localhost:8765/audit.html → 200 (?ms, 10649B)
[2026-04-07T10:13:31.720Z] GET https://fonts.googleapis.com/css2?family=Fraunces:opsz,wght@9..144,700;9..144,900&family=Inter+Tight:wght@400;500;600;700&family=JetBrains+Mono:wght@400;500;600&display=swap → 200 (?ms, 20339B)
[2026-04-07T10:13:31.720Z] GET https://fonts.googleapis.com/icon?family=Material+Symbols+Outlined → 200 (?ms, 704B)
[2026-04-07T10:13:31.720Z] GET http://localhost:8765/_shell.css → 200 (?ms, 10781B)
[2026-04-07T10:13:31.720Z] GET http://localhost:8765/_shell.js → 200 (?ms, 3712B)
[2026-04-07T10:13:31.728Z] GET https://fonts.gstatic.com/s/fraunces/v38/6NU78FyLNQOQZAnv9bYEvDiIdE9Ea92uemAk_WBq8U_9v0c2Wa0KxC9TeP2Xz5c.woff2 → 200 (?ms, ?B)
[2026-04-07T10:13:31.728Z] GET https://fonts.gstatic.com/s/intertight/v9/NGSwv5HMAFg6IuGlBNMjxLsH8ahuQ2e8.woff2 → 200 (?ms, ?B)
[2026-04-07T10:13:31.729Z] GET https://fonts.gstatic.com/s/jetbrainsmono/v24/tDbv2o-flEEny0FZhsfKu5WU4zr3E_BX0PnT8RD8yKwBNntkaToggR7BYRbKPxDcwgknk-4.woff2 → 200 (?ms, ?B)
[2026-04-07T10:13:31.729Z] GET https://fonts.gstatic.com/s/materialsymbolsoutlined/v323/kJF1BvYX7BgnkSrUwT8OhrdQw4oELdPIeeII9v6oDMzByHX9rA6RzaxHMPdY43zj-jCxv3fzvRNU22ZXGJpEpjC_1v-p_4MrImHCIJIZrDCvHOejbd5zrDAt.woff2 → 200 (?ms, ?B)
[2026-04-07T10:13:31.884Z] GET http://localhost:8765/audit.html → 200 (1ms, 10649B)
[2026-04-07T10:13:31.887Z] GET https://fonts.googleapis.com/css2?family=Fraunces:opsz,wght@9..144,700;9..144,900&family=Inter+Tight:wght@400;500;600;700&family=JetBrains+Mono:wght@400;500;600&display=swap → 200 (?ms, 20339B)
[2026-04-07T10:13:31.887Z] GET https://fonts.googleapis.com/icon?family=Material+Symbols+Outlined → 200 (?ms, 704B)
[2026-04-07T10:13:31.887Z] GET http://localhost:8765/_shell.css → 200 (?ms, 10781B)
[2026-04-07T10:13:31.888Z] GET http://localhost:8765/_shell.js → 200 (?ms, 3712B)
[2026-04-07T10:13:31.894Z] GET https://fonts.gstatic.com/s/fraunces/v38/6NU78FyLNQOQZAnv9bYEvDiIdE9Ea92uemAk_WBq8U_9v0c2Wa0KxC9TeP2Xz5c.woff2 → 200 (?ms, ?B)
[2026-04-07T10:13:31.894Z] GET https://fonts.gstatic.com/s/intertight/v9/NGSwv5HMAFg6IuGlBNMjxLsH8ahuQ2e8.woff2 → 200 (?ms, ?B)
[2026-04-07T10:13:31.895Z] GET https://fonts.gstatic.com/s/jetbrainsmono/v24/tDbv2o-flEEny0FZhsfKu5WU4zr3E_BX0PnT8RD8yKwBNntkaToggR7BYRbKPxDcwgknk-4.woff2 → 200 (?ms, ?B)
[2026-04-07T10:13:31.895Z] GET https://fonts.gstatic.com/s/materialsymbolsoutlined/v323/kJF1BvYX7BgnkSrUwT8OhrdQw4oELdPIeeII9v6oDMzByHX9rA6RzaxHMPdY43zj-jCxv3fzvRNU22ZXGJpEpjC_1v-p_4MrImHCIJIZrDCvHOejbd5zrDAt.woff2 → 200 (?ms, ?B)
[2026-04-07T10:13:32.053Z] GET http://localhost:8765/components.html → 200 (?ms, 26774B)
[2026-04-07T10:13:32.056Z] GET https://fonts.googleapis.com/css2?family=Fraunces:opsz,wght@9..144,700;9..144,900&family=Inter+Tight:wght@400;500;600;700&family=JetBrains+Mono:wght@400;500;600&display=swap → 200 (?ms, 20339B)
[2026-04-07T10:13:32.056Z] GET https://fonts.googleapis.com/icon?family=Material+Symbols+Outlined → 200 (?ms, 704B)
[2026-04-07T10:13:32.056Z] GET http://localhost:8765/_shell.css → 200 (1ms, 10781B)
[2026-04-07T10:13:32.057Z] GET http://localhost:8765/_shell.js → 200 (?ms, 3712B)
[2026-04-07T10:13:32.070Z] GET https://fonts.gstatic.com/s/fraunces/v38/6NU78FyLNQOQZAnv9bYEvDiIdE9Ea92uemAk_WBq8U_9v0c2Wa0KxC9TeP2Xz5c.woff2 → 200 (?ms, ?B)
[2026-04-07T10:13:32.070Z] GET https://fonts.gstatic.com/s/intertight/v9/NGSwv5HMAFg6IuGlBNMjxLsH8ahuQ2e8.woff2 → 200 (?ms, ?B)
[2026-04-07T10:13:32.070Z] GET https://fonts.gstatic.com/s/jetbrainsmono/v24/tDbv2o-flEEny0FZhsfKu5WU4zr3E_BX0PnT8RD8yKwBNntkaToggR7BYRbKPxDcwgknk-4.woff2 → 200 (?ms, ?B)
[2026-04-07T10:13:32.070Z] GET https://fonts.gstatic.com/s/materialsymbolsoutlined/v323/kJF1BvYX7BgnkSrUwT8OhrdQw4oELdPIeeII9v6oDMzByHX9rA6RzaxHMPdY43zj-jCxv3fzvRNU22ZXGJpEpjC_1v-p_4MrImHCIJIZrDCvHOejbd5zrDAt.woff2 → 200 (?ms, ?B)
[2026-04-07T10:13:32.315Z] GET http://localhost:8765/components.html → 200 (1ms, 26774B)
[2026-04-07T10:13:32.318Z] GET https://fonts.googleapis.com/css2?family=Fraunces:opsz,wght@9..144,700;9..144,900&family=Inter+Tight:wght@400;500;600;700&family=JetBrains+Mono:wght@400;500;600&display=swap → 200 (?ms, 20339B)
[2026-04-07T10:13:32.318Z] GET https://fonts.googleapis.com/icon?family=Material+Symbols+Outlined → 200 (?ms, 704B)
[2026-04-07T10:13:32.319Z] GET http://localhost:8765/_shell.css → 200 (?ms, 10781B)
[2026-04-07T10:13:32.319Z] GET http://localhost:8765/_shell.js → 200 (?ms, 3712B)
[2026-04-07T10:13:32.329Z] GET https://fonts.gstatic.com/s/fraunces/v38/6NU78FyLNQOQZAnv9bYEvDiIdE9Ea92uemAk_WBq8U_9v0c2Wa0KxC9TeP2Xz5c.woff2 → 200 (?ms, ?B)
[2026-04-07T10:13:32.329Z] GET https://fonts.gstatic.com/s/intertight/v9/NGSwv5HMAFg6IuGlBNMjxLsH8ahuQ2e8.woff2 → 200 (?ms, ?B)
[2026-04-07T10:13:32.329Z] GET https://fonts.gstatic.com/s/jetbrainsmono/v24/tDbv2o-flEEny0FZhsfKu5WU4zr3E_BX0PnT8RD8yKwBNntkaToggR7BYRbKPxDcwgknk-4.woff2 → 200 (?ms, ?B)
[2026-04-07T10:13:32.329Z] GET https://fonts.gstatic.com/s/materialsymbolsoutlined/v323/kJF1BvYX7BgnkSrUwT8OhrdQw4oELdPIeeII9v6oDMzByHX9rA6RzaxHMPdY43zj-jCxv3fzvRNU22ZXGJpEpjC_1v-p_4MrImHCIJIZrDCvHOejbd5zrDAt.woff2 → 200 (?ms, ?B)
[2026-04-07T10:13:32.562Z] GET http://localhost:8765/components.html → 200 (?ms, 26774B)
[2026-04-07T10:13:32.564Z] GET https://fonts.googleapis.com/css2?family=Fraunces:opsz,wght@9..144,700;9..144,900&family=Inter+Tight:wght@400;500;600;700&family=JetBrains+Mono:wght@400;500;600&display=swap → 200 (1ms, 20339B)
[2026-04-07T10:13:32.565Z] GET https://fonts.googleapis.com/icon?family=Material+Symbols+Outlined → 200 (?ms, 704B)
[2026-04-07T10:13:32.565Z] GET http://localhost:8765/_shell.css → 200 (?ms, 10781B)
[2026-04-07T10:13:32.565Z] GET http://localhost:8765/_shell.js → 200 (?ms, 3712B)
[2026-04-07T10:13:32.575Z] GET https://fonts.gstatic.com/s/fraunces/v38/6NU78FyLNQOQZAnv9bYEvDiIdE9Ea92uemAk_WBq8U_9v0c2Wa0KxC9TeP2Xz5c.woff2 → 200 (1ms, ?B)
[2026-04-07T10:13:32.576Z] GET https://fonts.gstatic.com/s/intertight/v9/NGSwv5HMAFg6IuGlBNMjxLsH8ahuQ2e8.woff2 → 200 (?ms, ?B)
[2026-04-07T10:13:32.576Z] GET https://fonts.gstatic.com/s/jetbrainsmono/v24/tDbv2o-flEEny0FZhsfKu5WU4zr3E_BX0PnT8RD8yKwBNntkaToggR7BYRbKPxDcwgknk-4.woff2 → 200 (?ms, ?B)
[2026-04-07T10:13:32.576Z] GET https://fonts.gstatic.com/s/materialsymbolsoutlined/v323/kJF1BvYX7BgnkSrUwT8OhrdQw4oELdPIeeII9v6oDMzByHX9rA6RzaxHMPdY43zj-jCxv3fzvRNU22ZXGJpEpjC_1v-p_4MrImHCIJIZrDCvHOejbd5zrDAt.woff2 → 200 (?ms, ?B)
[2026-04-07T10:13:32.796Z] GET http://localhost:8765/index.html → 200 (1ms, 28994B)
[2026-04-07T10:13:32.799Z] GET https://fonts.googleapis.com/css2?family=Fraunces:opsz,wght@9..144,700;9..144,900&family=Inter+Tight:wght@400;500;600;700&family=JetBrains+Mono:wght@400;500;600&display=swap → 200 (?ms, 20339B)
[2026-04-07T10:13:32.800Z] GET https://fonts.googleapis.com/icon?family=Material+Symbols+Outlined → 200 (?ms, 704B)
[2026-04-07T10:13:32.800Z] GET http://localhost:8765/_shell.css → 200 (?ms, 10781B)
[2026-04-07T10:13:32.801Z] GET https://fonts.gstatic.com/s/fraunces/v38/6NU78FyLNQOQZAnv9bYEvDiIdE9Ea92uemAk_WBq8U_9v0c2Wa0KxC9TeP2Xz5c.woff2 → 200 (?ms, ?B)
[2026-04-07T10:13:32.801Z] GET https://fonts.gstatic.com/s/intertight/v9/NGSwv5HMAFg6IuGlBNMjxLsH8ahuQ2e8.woff2 → 200 (?ms, ?B)
[2026-04-07T10:13:32.801Z] GET https://fonts.gstatic.com/s/jetbrainsmono/v24/tDbv2o-flEEny0FZhsfKu5WU4zr3E_BX0PnT8RD8yKwBNntkaToggR7BYRbKPxDcwgknk-4.woff2 → 200 (2ms, ?B)
[2026-04-07T10:13:32.803Z] GET https://fonts.gstatic.com/s/materialsymbolsoutlined/v323/kJF1BvYX7BgnkSrUwT8OhrdQw4oELdPIeeII9v6oDMzByHX9rA6RzaxHMPdY43zj-jCxv3fzvRNU22ZXGJpEpjC_1v-p_4MrImHCIJIZrDCvHOejbd5zrDAt.woff2 → 200 (?ms, ?B)
[2026-04-07T10:13:33.067Z] GET http://localhost:8765/index.html → 200 (?ms, 28994B)
[2026-04-07T10:13:33.070Z] GET https://fonts.googleapis.com/css2?family=Fraunces:opsz,wght@9..144,700;9..144,900&family=Inter+Tight:wght@400;500;600;700&family=JetBrains+Mono:wght@400;500;600&display=swap → 200 (?ms, 20339B)
[2026-04-07T10:13:33.070Z] GET https://fonts.googleapis.com/icon?family=Material+Symbols+Outlined → 200 (?ms, 704B)
[2026-04-07T10:13:33.070Z] GET http://localhost:8765/_shell.css → 200 (?ms, 10781B)
[2026-04-07T10:13:33.071Z] GET https://fonts.gstatic.com/s/fraunces/v38/6NU78FyLNQOQZAnv9bYEvDiIdE9Ea92uemAk_WBq8U_9v0c2Wa0KxC9TeP2Xz5c.woff2 → 200 (?ms, ?B)
[2026-04-07T10:13:33.071Z] GET https://fonts.gstatic.com/s/intertight/v9/NGSwv5HMAFg6IuGlBNMjxLsH8ahuQ2e8.woff2 → 200 (?ms, ?B)
[2026-04-07T10:13:33.071Z] GET https://fonts.gstatic.com/s/jetbrainsmono/v24/tDbv2o-flEEny0FZhsfKu5WU4zr3E_BX0PnT8RD8yKwBNntkaToggR7BYRbKPxDcwgknk-4.woff2 → 200 (?ms, ?B)
[2026-04-07T10:13:33.071Z] GET https://fonts.gstatic.com/s/materialsymbolsoutlined/v323/kJF1BvYX7BgnkSrUwT8OhrdQw4oELdPIeeII9v6oDMzByHX9rA6RzaxHMPdY43zj-jCxv3fzvRNU22ZXGJpEpjC_1v-p_4MrImHCIJIZrDCvHOejbd5zrDAt.woff2 → 200 (?ms, ?B)
[2026-04-07T10:13:33.334Z] GET http://localhost:8765/index.html → 200 (?ms, 28994B)
[2026-04-07T10:13:33.337Z] GET https://fonts.googleapis.com/css2?family=Fraunces:opsz,wght@9..144,700;9..144,900&family=Inter+Tight:wght@400;500;600;700&family=JetBrains+Mono:wght@400;500;600&display=swap → 200 (?ms, 20339B)
[2026-04-07T10:13:33.337Z] GET https://fonts.googleapis.com/icon?family=Material+Symbols+Outlined → 200 (?ms, 704B)
[2026-04-07T10:13:33.337Z] GET http://localhost:8765/_shell.css → 304 (1ms, ?B)
[2026-04-07T10:13:33.348Z] GET https://fonts.gstatic.com/s/fraunces/v38/6NU78FyLNQOQZAnv9bYEvDiIdE9Ea92uemAk_WBq8U_9v0c2Wa0KxC9TeP2Xz5c.woff2 → 200 (?ms, ?B)
[2026-04-07T10:13:33.348Z] GET https://fonts.gstatic.com/s/intertight/v9/NGSwv5HMAFg6IuGlBNMjxLsH8ahuQ2e8.woff2 → 200 (?ms, ?B)
[2026-04-07T10:13:33.348Z] GET https://fonts.gstatic.com/s/jetbrainsmono/v24/tDbv2o-flEEny0FZhsfKu5WU4zr3E_BX0PnT8RD8yKwBNntkaToggR7BYRbKPxDcwgknk-4.woff2 → 200 (?ms, ?B)
[2026-04-07T10:13:33.348Z] GET https://fonts.gstatic.com/s/materialsymbolsoutlined/v323/kJF1BvYX7BgnkSrUwT8OhrdQw4oELdPIeeII9v6oDMzByHX9rA6RzaxHMPdY43zj-jCxv3fzvRNU22ZXGJpEpjC_1v-p_4MrImHCIJIZrDCvHOejbd5zrDAt.woff2 → 200 (?ms, ?B)
[2026-04-07T10:13:33.601Z] GET http://localhost:8765/login.html → 200 (2ms, 6158B)
[2026-04-07T10:13:33.605Z] GET https://fonts.googleapis.com/css2?family=Fraunces:opsz,wght@9..144,700;9..144,900&family=Inter+Tight:wght@400;500;600;700&family=JetBrains+Mono:wght@400;500;600&display=swap → 200 (?ms, 20339B)
[2026-04-07T10:13:33.605Z] GET https://fonts.googleapis.com/icon?family=Material+Symbols+Outlined → 200 (?ms, 704B)
[2026-04-07T10:13:33.605Z] GET http://localhost:8765/_shell.css → 200 (?ms, 10781B)
[2026-04-07T10:13:33.607Z] GET https://fonts.gstatic.com/s/fraunces/v38/6NU78FyLNQOQZAnv9bYEvDiIdE9Ea92uemAk_WBq8U_9v0c2Wa0KxC9TeP2Xz5c.woff2 → 200 (?ms, ?B)
[2026-04-07T10:13:33.607Z] GET https://fonts.gstatic.com/s/intertight/v9/NGSwv5HMAFg6IuGlBNMjxLsH8ahuQ2e8.woff2 → 200 (?ms, ?B)
[2026-04-07T10:13:33.607Z] GET https://fonts.gstatic.com/s/jetbrainsmono/v24/tDbv2o-flEEny0FZhsfKu5WU4zr3E_BX0PnT8RD8yKwBNntkaToggR7BYRbKPxDcwgknk-4.woff2 → 200 (?ms, ?B)
[2026-04-07T10:13:33.607Z] GET https://fonts.gstatic.com/s/materialsymbolsoutlined/v323/kJF1BvYX7BgnkSrUwT8OhrdQw4oELdPIeeII9v6oDMzByHX9rA6RzaxHMPdY43zj-jCxv3fzvRNU22ZXGJpEpjC_1v-p_4MrImHCIJIZrDCvHOejbd5zrDAt.woff2 → 200 (?ms, ?B)
[2026-04-07T10:13:33.728Z] GET http://localhost:8765/login.html → 200 (1ms, 6158B)
[2026-04-07T10:13:33.732Z] GET https://fonts.googleapis.com/css2?family=Fraunces:opsz,wght@9..144,700;9..144,900&family=Inter+Tight:wght@400;500;600;700&family=JetBrains+Mono:wght@400;500;600&display=swap → 200 (?ms, 20339B)
[2026-04-07T10:13:33.732Z] GET https://fonts.googleapis.com/icon?family=Material+Symbols+Outlined → 200 (?ms, 704B)
[2026-04-07T10:13:33.732Z] GET http://localhost:8765/_shell.css → 200 (?ms, 10781B)
[2026-04-07T10:13:33.733Z] GET https://fonts.gstatic.com/s/fraunces/v38/6NU78FyLNQOQZAnv9bYEvDiIdE9Ea92uemAk_WBq8U_9v0c2Wa0KxC9TeP2Xz5c.woff2 → 200 (?ms, ?B)
[2026-04-07T10:13:33.733Z] GET https://fonts.gstatic.com/s/intertight/v9/NGSwv5HMAFg6IuGlBNMjxLsH8ahuQ2e8.woff2 → 200 (?ms, ?B)
[2026-04-07T10:13:33.733Z] GET https://fonts.gstatic.com/s/jetbrainsmono/v24/tDbv2o-flEEny0FZhsfKu5WU4zr3E_BX0PnT8RD8yKwBNntkaToggR7BYRbKPxDcwgknk-4.woff2 → 200 (?ms, ?B)
[2026-04-07T10:13:33.733Z] GET https://fonts.gstatic.com/s/materialsymbolsoutlined/v323/kJF1BvYX7BgnkSrUwT8OhrdQw4oELdPIeeII9v6oDMzByHX9rA6RzaxHMPdY43zj-jCxv3fzvRNU22ZXGJpEpjC_1v-p_4MrImHCIJIZrDCvHOejbd5zrDAt.woff2 → 200 (?ms, ?B)
[2026-04-07T10:13:33.849Z] GET http://localhost:8765/login.html → 200 (?ms, 6158B)
[2026-04-07T10:13:33.851Z] GET https://fonts.googleapis.com/css2?family=Fraunces:opsz,wght@9..144,700;9..144,900&family=Inter+Tight:wght@400;500;600;700&family=JetBrains+Mono:wght@400;500;600&display=swap → 200 (?ms, 20339B)
[2026-04-07T10:13:33.852Z] GET https://fonts.googleapis.com/icon?family=Material+Symbols+Outlined → 200 (?ms, 704B)
[2026-04-07T10:13:33.852Z] GET http://localhost:8765/_shell.css → 200 (?ms, 10781B)
[2026-04-07T10:13:33.853Z] GET https://fonts.gstatic.com/s/fraunces/v38/6NU78FyLNQOQZAnv9bYEvDiIdE9Ea92uemAk_WBq8U_9v0c2Wa0KxC9TeP2Xz5c.woff2 → 200 (?ms, ?B)
[2026-04-07T10:13:33.853Z] GET https://fonts.gstatic.com/s/intertight/v9/NGSwv5HMAFg6IuGlBNMjxLsH8ahuQ2e8.woff2 → 200 (?ms, ?B)
[2026-04-07T10:13:33.853Z] GET https://fonts.gstatic.com/s/jetbrainsmono/v24/tDbv2o-flEEny0FZhsfKu5WU4zr3E_BX0PnT8RD8yKwBNntkaToggR7BYRbKPxDcwgknk-4.woff2 → 200 (?ms, ?B)
[2026-04-07T10:13:33.853Z] GET https://fonts.gstatic.com/s/materialsymbolsoutlined/v323/kJF1BvYX7BgnkSrUwT8OhrdQw4oELdPIeeII9v6oDMzByHX9rA6RzaxHMPdY43zj-jCxv3fzvRNU22ZXGJpEpjC_1v-p_4MrImHCIJIZrDCvHOejbd5zrDAt.woff2 → 200 (?ms, ?B)
[2026-04-07T10:14:41.637Z] GET http://localhost:8765/cockpit.html → 200 (3ms, 34406B)
[2026-04-07T10:14:41.644Z] GET https://cdn.tailwindcss.com/?plugins=forms,container-queries → 200 (?ms, 418973B)
[2026-04-07T10:14:41.644Z] GET https://fonts.googleapis.com/css2?family=Inter:wght@400;500;600;700&family=Noto+Serif:wght@700;900&family=JetBrains+Mono:wght@400;500;600&display=swap → 200 (?ms, 25391B)
[2026-04-07T10:14:41.644Z] GET https://fonts.googleapis.com/css2?family=Material+Symbols+Outlined:wght,FILL@100..700,0..1&display=swap → 200 (?ms, 693B)
[2026-04-07T10:14:41.644Z] GET http://localhost:8765/_shell.css → 304 (2ms, ?B)
[2026-04-07T10:14:41.644Z] GET http://localhost:8765/_shell.js → 304 (2ms, ?B)
[2026-04-07T10:14:41.691Z] GET https://fonts.gstatic.com/s/inter/v20/UcC73FwrK3iLTeHuS_nVMrMxCp50SjIa1ZL7W0Q5nw.woff2 → 200 (?ms, ?B)
[2026-04-07T10:14:41.692Z] GET https://fonts.gstatic.com/s/jetbrainsmono/v24/tDbv2o-flEEny0FZhsfKu5WU4zr3E_BX0PnT8RD8yKwBNntkaToggR7BYRbKPxDcwgknk-4.woff2 → 200 (?ms, ?B)
[2026-04-07T10:14:41.692Z] GET https://fonts.gstatic.com/s/notoserif/v33/ga6daw1J5X9T9RW6j9bNVls-hfgvz8JcMofYTYf6D33WsNFH.woff2 → 200 (?ms, ?B)
[2026-04-07T10:14:41.692Z] GET https://fonts.gstatic.com/s/materialsymbolsoutlined/v323/kJEPBvYX7BgnkSrUwT8OhrdQw4oELdPIeeII9v6oDMzBwG-RpA6RzaxHMPdY40KH8nGzv3fzfVJO1USv9ls.woff2 → 200 (1ms, ?B)
[2026-04-07T10:14:41.982Z] GET http://localhost:8765/briefing.html → 200 (1ms, 14134B)
[2026-04-07T10:14:41.985Z] GET https://fonts.googleapis.com/css2?family=Fraunces:opsz,wght@9..144,700;9..144,900&family=Inter+Tight:wght@400;500;600;700&family=JetBrains+Mono:wght@400;500;600&display=swap → 200 (1ms, 20339B)
[2026-04-07T10:14:41.986Z] GET https://fonts.googleapis.com/icon?family=Material+Symbols+Outlined → 200 (?ms, 704B)
[2026-04-07T10:14:41.986Z] GET http://localhost:8765/_shell.css → 200 (?ms, 10781B)
[2026-04-07T10:14:41.986Z] GET http://localhost:8765/_shell.js → 200 (?ms, 3712B)
[2026-04-07T10:14:41.987Z] GET https://fonts.gstatic.com/s/fraunces/v38/6NU78FyLNQOQZAnv9bYEvDiIdE9Ea92uemAk_WBq8U_9v0c2Wa0KxC9TeP2Xz5c.woff2 → 200 (?ms, ?B)
[2026-04-07T10:14:41.987Z] GET https://fonts.gstatic.com/s/intertight/v9/NGSwv5HMAFg6IuGlBNMjxLsH8ahuQ2e8.woff2 → 200 (?ms, ?B)
[2026-04-07T10:14:41.987Z] GET https://fonts.gstatic.com/s/jetbrainsmono/v24/tDbv2o-flEEny0FZhsfKu5WU4zr3E_BX0PnT8RD8yKwBNntkaToggR7BYRbKPxDcwgknk-4.woff2 → 200 (?ms, ?B)
[2026-04-07T10:14:41.987Z] GET https://fonts.gstatic.com/s/materialsymbolsoutlined/v323/kJF1BvYX7BgnkSrUwT8OhrdQw4oELdPIeeII9v6oDMzByHX9rA6RzaxHMPdY43zj-jCxv3fzvRNU22ZXGJpEpjC_1v-p_4MrImHCIJIZrDCvHOejbd5zrDAt.woff2 → 200 (?ms, ?B)
[2026-04-07T10:14:42.384Z] GET http://localhost:8765/settings.html → 200 (1ms, 13900B)
[2026-04-07T10:14:42.387Z] GET https://fonts.googleapis.com/css2?family=Fraunces:opsz,wght@9..144,700;9..144,900&family=Inter+Tight:wght@400;500;600;700&family=JetBrains+Mono:wght@400;500;600&display=swap → 200 (?ms, 20339B)
[2026-04-07T10:14:42.387Z] GET https://fonts.googleapis.com/icon?family=Material+Symbols+Outlined → 200 (?ms, 704B)
[2026-04-07T10:14:42.387Z] GET http://localhost:8765/_shell.css → 200 (?ms, 10781B)
[2026-04-07T10:14:42.387Z] GET http://localhost:8765/_shell.js → 200 (?ms, 3712B)
[2026-04-07T10:14:42.395Z] GET https://fonts.gstatic.com/s/fraunces/v38/6NU78FyLNQOQZAnv9bYEvDiIdE9Ea92uemAk_WBq8U_9v0c2Wa0KxC9TeP2Xz5c.woff2 → 200 (?ms, ?B)
[2026-04-07T10:14:42.395Z] GET https://fonts.gstatic.com/s/intertight/v9/NGSwv5HMAFg6IuGlBNMjxLsH8ahuQ2e8.woff2 → 200 (?ms, ?B)
[2026-04-07T10:14:42.395Z] GET https://fonts.gstatic.com/s/jetbrainsmono/v24/tDbv2o-flEEny0FZhsfKu5WU4zr3E_BX0PnT8RD8yKwBNntkaToggR7BYRbKPxDcwgknk-4.woff2 → 200 (?ms, ?B)
[2026-04-07T10:14:42.395Z] GET https://fonts.gstatic.com/s/materialsymbolsoutlined/v323/kJF1BvYX7BgnkSrUwT8OhrdQw4oELdPIeeII9v6oDMzByHX9rA6RzaxHMPdY43zj-jCxv3fzvRNU22ZXGJpEpjC_1v-p_4MrImHCIJIZrDCvHOejbd5zrDAt.woff2 → 200 (?ms, ?B)
[2026-04-07T10:14:42.680Z] GET http://localhost:8765/markets.html → 200 (1ms, 10898B)
[2026-04-07T10:14:42.683Z] GET https://fonts.googleapis.com/css2?family=Fraunces:opsz,wght@9..144,700;9..144,900&family=Inter+Tight:wght@400;500;600;700&family=JetBrains+Mono:wght@400;500;600&display=swap → 200 (?ms, 20339B)
[2026-04-07T10:14:42.683Z] GET https://fonts.googleapis.com/icon?family=Material+Symbols+Outlined → 200 (?ms, 704B)
[2026-04-07T10:14:42.683Z] GET http://localhost:8765/_shell.css → 200 (?ms, 10781B)
[2026-04-07T10:14:42.683Z] GET http://localhost:8765/_shell.js → 200 (1ms, 3712B)
[2026-04-07T10:14:42.685Z] GET https://fonts.gstatic.com/s/fraunces/v38/6NU78FyLNQOQZAnv9bYEvDiIdE9Ea92uemAk_WBq8U_9v0c2Wa0KxC9TeP2Xz5c.woff2 → 200 (?ms, ?B)
[2026-04-07T10:14:42.685Z] GET https://fonts.gstatic.com/s/intertight/v9/NGSwv5HMAFg6IuGlBNMjxLsH8ahuQ2e8.woff2 → 200 (?ms, ?B)
[2026-04-07T10:14:42.686Z] GET https://fonts.gstatic.com/s/jetbrainsmono/v24/tDbv2o-flEEny0FZhsfKu5WU4zr3E_BX0PnT8RD8yKwBNntkaToggR7BYRbKPxDcwgknk-4.woff2 → 200 (?ms, ?B)
[2026-04-07T10:14:42.686Z] GET https://fonts.gstatic.com/s/materialsymbolsoutlined/v323/kJF1BvYX7BgnkSrUwT8OhrdQw4oELdPIeeII9v6oDMzByHX9rA6RzaxHMPdY43zj-jCxv3fzvRNU22ZXGJpEpjC_1v-p_4MrImHCIJIZrDCvHOejbd5zrDAt.woff2 → 200 (?ms, ?B)
[2026-04-07T10:14:42.923Z] GET http://localhost:8765/table.html → 200 (1ms, 32521B)
[2026-04-07T10:14:42.927Z] GET https://fonts.googleapis.com/css2?family=Fraunces:opsz,wght@9..144,700;9..144,900&family=Inter+Tight:wght@400;500;600;700&family=JetBrains+Mono:wght@400;500;600&display=swap → 200 (?ms, 20339B)
[2026-04-07T10:14:42.927Z] GET https://fonts.googleapis.com/icon?family=Material+Symbols+Outlined → 200 (?ms, 704B)
[2026-04-07T10:14:42.927Z] GET http://localhost:8765/_shell.css → 200 (?ms, 10781B)
[2026-04-07T10:14:42.927Z] GET http://localhost:8765/_shell.js → 200 (?ms, 3712B)
[2026-04-07T10:14:42.937Z] GET https://fonts.gstatic.com/s/fraunces/v38/6NU78FyLNQOQZAnv9bYEvDiIdE9Ea92uemAk_WBq8U_9v0c2Wa0KxC9TeP2Xz5c.woff2 → 200 (?ms, ?B)
[2026-04-07T10:14:42.937Z] GET https://fonts.gstatic.com/s/intertight/v9/NGSwv5HMAFg6IuGlBNMjxLsH8ahuQ2e8.woff2 → 200 (?ms, ?B)
[2026-04-07T10:14:42.937Z] GET https://fonts.gstatic.com/s/jetbrainsmono/v24/tDbv2o-flEEny0FZhsfKu5WU4zr3E_BX0PnT8RD8yKwBNntkaToggR7BYRbKPxDcwgknk-4.woff2 → 200 (1ms, ?B)
[2026-04-07T10:14:42.938Z] GET https://fonts.gstatic.com/s/materialsymbolsoutlined/v323/kJF1BvYX7BgnkSrUwT8OhrdQw4oELdPIeeII9v6oDMzByHX9rA6RzaxHMPdY43zj-jCxv3fzvRNU22ZXGJpEpjC_1v-p_4MrImHCIJIZrDCvHOejbd5zrDAt.woff2 → 200 (?ms, ?B)
[2026-04-07T10:14:43.152Z] GET http://localhost:8765/audit.html → 200 (1ms, 10649B)
[2026-04-07T10:14:43.155Z] GET https://fonts.googleapis.com/css2?family=Fraunces:opsz,wght@9..144,700;9..144,900&family=Inter+Tight:wght@400;500;600;700&family=JetBrains+Mono:wght@400;500;600&display=swap → 200 (1ms, 20339B)
[2026-04-07T10:14:43.156Z] GET https://fonts.googleapis.com/icon?family=Material+Symbols+Outlined → 200 (?ms, 704B)
[2026-04-07T10:14:43.156Z] GET http://localhost:8765/_shell.css → 200 (?ms, 10781B)
[2026-04-07T10:14:43.156Z] GET http://localhost:8765/_shell.js → 200 (?ms, 3712B)
[2026-04-07T10:14:43.163Z] GET https://fonts.gstatic.com/s/fraunces/v38/6NU78FyLNQOQZAnv9bYEvDiIdE9Ea92uemAk_WBq8U_9v0c2Wa0KxC9TeP2Xz5c.woff2 → 200 (?ms, ?B)
[2026-04-07T10:14:43.163Z] GET https://fonts.gstatic.com/s/intertight/v9/NGSwv5HMAFg6IuGlBNMjxLsH8ahuQ2e8.woff2 → 200 (?ms, ?B)
[2026-04-07T10:14:43.163Z] GET https://fonts.gstatic.com/s/jetbrainsmono/v24/tDbv2o-flEEny0FZhsfKu5WU4zr3E_BX0PnT8RD8yKwBNntkaToggR7BYRbKPxDcwgknk-4.woff2 → 200 (?ms, ?B)
[2026-04-07T10:14:43.163Z] GET https://fonts.gstatic.com/s/materialsymbolsoutlined/v323/kJF1BvYX7BgnkSrUwT8OhrdQw4oELdPIeeII9v6oDMzByHX9rA6RzaxHMPdY43zj-jCxv3fzvRNU22ZXGJpEpjC_1v-p_4MrImHCIJIZrDCvHOejbd5zrDAt.woff2 → 200 (?ms, ?B)
[2026-04-07T10:14:43.388Z] GET http://localhost:8765/components.html → 200 (1ms, 26774B)
[2026-04-07T10:14:43.392Z] GET https://fonts.googleapis.com/css2?family=Fraunces:opsz,wght@9..144,700;9..144,900&family=Inter+Tight:wght@400;500;600;700&family=JetBrains+Mono:wght@400;500;600&display=swap → 200 (?ms, 20339B)
[2026-04-07T10:14:43.392Z] GET https://fonts.googleapis.com/icon?family=Material+Symbols+Outlined → 200 (?ms, 704B)
[2026-04-07T10:14:43.392Z] GET http://localhost:8765/_shell.css → 200 (?ms, 10781B)
[2026-04-07T10:14:43.392Z] GET http://localhost:8765/_shell.js → 200 (?ms, 3712B)
[2026-04-07T10:14:43.401Z] GET https://fonts.gstatic.com/s/fraunces/v38/6NU78FyLNQOQZAnv9bYEvDiIdE9Ea92uemAk_WBq8U_9v0c2Wa0KxC9TeP2Xz5c.woff2 → 200 (?ms, ?B)
[2026-04-07T10:14:43.401Z] GET https://fonts.gstatic.com/s/intertight/v9/NGSwv5HMAFg6IuGlBNMjxLsH8ahuQ2e8.woff2 → 200 (1ms, ?B)
[2026-04-07T10:14:43.402Z] GET https://fonts.gstatic.com/s/jetbrainsmono/v24/tDbv2o-flEEny0FZhsfKu5WU4zr3E_BX0PnT8RD8yKwBNntkaToggR7BYRbKPxDcwgknk-4.woff2 → 200 (?ms, ?B)
[2026-04-07T10:14:43.402Z] GET https://fonts.gstatic.com/s/materialsymbolsoutlined/v323/kJF1BvYX7BgnkSrUwT8OhrdQw4oELdPIeeII9v6oDMzByHX9rA6RzaxHMPdY43zj-jCxv3fzvRNU22ZXGJpEpjC_1v-p_4MrImHCIJIZrDCvHOejbd5zrDAt.woff2 → 200 (?ms, ?B)
[2026-04-07T10:14:43.798Z] GET http://localhost:8765/index.html → 200 (?ms, 28994B)
[2026-04-07T10:14:43.801Z] GET https://fonts.googleapis.com/css2?family=Fraunces:opsz,wght@9..144,700;9..144,900&family=Inter+Tight:wght@400;500;600;700&family=JetBrains+Mono:wght@400;500;600&display=swap → 200 (?ms, 20339B)
[2026-04-07T10:14:43.801Z] GET https://fonts.googleapis.com/icon?family=Material+Symbols+Outlined → 200 (?ms, 704B)
[2026-04-07T10:14:43.801Z] GET http://localhost:8765/_shell.css → 200 (?ms, 10781B)
[2026-04-07T10:14:43.802Z] GET https://fonts.gstatic.com/s/fraunces/v38/6NU78FyLNQOQZAnv9bYEvDiIdE9Ea92uemAk_WBq8U_9v0c2Wa0KxC9TeP2Xz5c.woff2 → 200 (?ms, ?B)
[2026-04-07T10:14:43.802Z] GET https://fonts.gstatic.com/s/intertight/v9/NGSwv5HMAFg6IuGlBNMjxLsH8ahuQ2e8.woff2 → 200 (?ms, ?B)
[2026-04-07T10:14:43.802Z] GET https://fonts.gstatic.com/s/jetbrainsmono/v24/tDbv2o-flEEny0FZhsfKu5WU4zr3E_BX0PnT8RD8yKwBNntkaToggR7BYRbKPxDcwgknk-4.woff2 → 200 (?ms, ?B)
[2026-04-07T10:14:43.802Z] GET https://fonts.gstatic.com/s/materialsymbolsoutlined/v323/kJF1BvYX7BgnkSrUwT8OhrdQw4oELdPIeeII9v6oDMzByHX9rA6RzaxHMPdY43zj-jCxv3fzvRNU22ZXGJpEpjC_1v-p_4MrImHCIJIZrDCvHOejbd5zrDAt.woff2 → 200 (?ms, ?B)
[2026-04-07T10:14:44.327Z] GET http://localhost:8765/login.html → 200 (?ms, 6158B)
[2026-04-07T10:14:44.329Z] GET https://fonts.googleapis.com/css2?family=Fraunces:opsz,wght@9..144,700;9..144,900&family=Inter+Tight:wght@400;500;600;700&family=JetBrains+Mono:wght@400;500;600&display=swap → 200 (1ms, 20339B)
[2026-04-07T10:14:44.330Z] GET https://fonts.googleapis.com/icon?family=Material+Symbols+Outlined → 200 (?ms, 704B)
[2026-04-07T10:14:44.330Z] GET http://localhost:8765/_shell.css → 200 (?ms, 10781B)
[2026-04-07T10:14:44.331Z] GET https://fonts.gstatic.com/s/fraunces/v38/6NU78FyLNQOQZAnv9bYEvDiIdE9Ea92uemAk_WBq8U_9v0c2Wa0KxC9TeP2Xz5c.woff2 → 200 (?ms, ?B)
[2026-04-07T10:14:44.331Z] GET https://fonts.gstatic.com/s/intertight/v9/NGSwv5HMAFg6IuGlBNMjxLsH8ahuQ2e8.woff2 → 200 (?ms, ?B)
[2026-04-07T10:14:44.332Z] GET https://fonts.gstatic.com/s/jetbrainsmono/v24/tDbv2o-flEEny0FZhsfKu5WU4zr3E_BX0PnT8RD8yKwBNntkaToggR7BYRbKPxDcwgknk-4.woff2 → 200 (?ms, ?B)
[2026-04-07T10:14:44.332Z] GET https://fonts.gstatic.com/s/materialsymbolsoutlined/v323/kJF1BvYX7BgnkSrUwT8OhrdQw4oELdPIeeII9v6oDMzByHX9rA6RzaxHMPdY43zj-jCxv3fzvRNU22ZXGJpEpjC_1v-p_4MrImHCIJIZrDCvHOejbd5zrDAt.woff2 → 200 (?ms, ?B)
[2026-04-07T10:24:19.182Z] GET http://localhost:8765/cockpit.html → 200 (23ms, 34406B)
[2026-04-07T10:24:19.247Z] GET https://cdn.tailwindcss.com/?plugins=forms,container-queries → 200 (?ms, 418973B)
[2026-04-07T10:24:19.247Z] GET https://fonts.googleapis.com/css2?family=Inter:wght@400;500;600;700&family=Noto+Serif:wght@700;900&family=JetBrains+Mono:wght@400;500;600&display=swap → 200 (?ms, 25391B)
[2026-04-07T10:24:19.248Z] GET https://fonts.googleapis.com/css2?family=Material+Symbols+Outlined:wght,FILL@100..700,0..1&display=swap → 200 (?ms, 693B)
[2026-04-07T10:24:19.248Z] GET http://localhost:8765/_shell.css → 200 (?ms, 11289B)
[2026-04-07T10:24:19.248Z] GET http://localhost:8765/_shell.js → 304 (2ms, ?B)
[2026-04-07T10:24:19.310Z] GET https://fonts.gstatic.com/s/inter/v20/UcC73FwrK3iLTeHuS_nVMrMxCp50SjIa1ZL7W0Q5nw.woff2 → 200 (?ms, ?B)
[2026-04-07T10:24:19.310Z] GET https://fonts.gstatic.com/s/jetbrainsmono/v24/tDbv2o-flEEny0FZhsfKu5WU4zr3E_BX0PnT8RD8yKwBNntkaToggR7BYRbKPxDcwgknk-4.woff2 → 200 (?ms, ?B)
[2026-04-07T10:24:19.310Z] GET https://fonts.gstatic.com/s/notoserif/v33/ga6daw1J5X9T9RW6j9bNVls-hfgvz8JcMofYTYf6D33WsNFH.woff2 → 200 (1ms, ?B)
[2026-04-07T10:24:19.311Z] GET https://fonts.gstatic.com/s/materialsymbolsoutlined/v323/kJEPBvYX7BgnkSrUwT8OhrdQw4oELdPIeeII9v6oDMzBwG-RpA6RzaxHMPdY40KH8nGzv3fzfVJO1USv9ls.woff2 → 200 (?ms, ?B)
[2026-04-07T10:24:56.542Z] GET http://localhost:8765/cockpit.html → 200 (1ms, 34406B)
[2026-04-07T10:24:56.565Z] GET https://cdn.tailwindcss.com/?plugins=forms,container-queries → 200 (?ms, 418973B)
[2026-04-07T10:24:56.566Z] GET https://fonts.googleapis.com/css2?family=Inter:wght@400;500;600;700&family=Noto+Serif:wght@700;900&family=JetBrains+Mono:wght@400;500;600&display=swap → 200 (1ms, 25391B)
[2026-04-07T10:24:56.567Z] GET https://fonts.googleapis.com/css2?family=Material+Symbols+Outlined:wght,FILL@100..700,0..1&display=swap → 200 (?ms, 693B)
[2026-04-07T10:24:56.567Z] GET http://localhost:8765/_shell.css → 304 (2ms, ?B)
[2026-04-07T10:24:56.567Z] GET http://localhost:8765/_shell.js → 200 (1ms, 3712B)
[2026-04-07T10:24:56.617Z] GET https://fonts.gstatic.com/s/inter/v20/UcC73FwrK3iLTeHuS_nVMrMxCp50SjIa1ZL7W0Q5nw.woff2 → 200 (1ms, ?B)
[2026-04-07T10:24:56.618Z] GET https://fonts.gstatic.com/s/jetbrainsmono/v24/tDbv2o-flEEny0FZhsfKu5WU4zr3E_BX0PnT8RD8yKwBNntkaToggR7BYRbKPxDcwgknk-4.woff2 → 200 (?ms, ?B)
[2026-04-07T10:24:56.619Z] GET https://fonts.gstatic.com/s/notoserif/v33/ga6daw1J5X9T9RW6j9bNVls-hfgvz8JcMofYTYf6D33WsNFH.woff2 → 200 (?ms, ?B)
[2026-04-07T10:24:56.619Z] GET https://fonts.gstatic.com/s/materialsymbolsoutlined/v323/kJEPBvYX7BgnkSrUwT8OhrdQw4oELdPIeeII9v6oDMzBwG-RpA6RzaxHMPdY40KH8nGzv3fzfVJO1USv9ls.woff2 → 200 (?ms, ?B)
[2026-04-07T10:25:05.150Z] GET http://localhost:8765/settings.html → 200 (1ms, 13900B)
[2026-04-07T10:25:05.155Z] GET https://fonts.googleapis.com/css2?family=Fraunces:opsz,wght@9..144,700;9..144,900&family=Inter+Tight:wght@400;500;600;700&family=JetBrains+Mono:wght@400;500;600&display=swap → 200 (5ms, 20339B)
[2026-04-07T10:25:05.155Z] GET https://fonts.googleapis.com/icon?family=Material+Symbols+Outlined → 200 (5ms, 704B)
[2026-04-07T10:25:05.155Z] GET http://localhost:8765/_shell.css → 200 (?ms, 11289B)
[2026-04-07T10:25:05.156Z] GET http://localhost:8765/_shell.js → 200 (?ms, 3712B)
[2026-04-07T10:25:05.170Z] GET https://fonts.gstatic.com/s/jetbrainsmono/v24/tDbv2o-flEEny0FZhsfKu5WU4zr3E_BX0PnT8RD8yKwBNntkaToggR7BYRbKPxDcwgknk-4.woff2 → 200 (?ms, ?B)
[2026-04-07T10:25:05.171Z] GET https://fonts.gstatic.com/s/intertight/v9/NGSwv5HMAFg6IuGlBNMjxLsH8ahuQ2e8.woff2 → 200 (?ms, 44916B)
[2026-04-07T10:25:05.171Z] GET https://fonts.gstatic.com/s/fraunces/v38/6NU78FyLNQOQZAnv9bYEvDiIdE9Ea92uemAk_WBq8U_9v0c2Wa0KxC9TeP2Xz5c.woff2 → 200 (?ms, 67388B)
[2026-04-07T10:25:05.171Z] GET https://fonts.gstatic.com/s/materialsymbolsoutlined/v323/kJF1BvYX7BgnkSrUwT8OhrdQw4oELdPIeeII9v6oDMzByHX9rA6RzaxHMPdY43zj-jCxv3fzvRNU22ZXGJpEpjC_1v-p_4MrImHCIJIZrDCvHOejbd5zrDAt.woff2 → 200 (6ms, 315412B)
[2026-04-07T10:25:05.767Z] GET http://localhost:8765/sources.html → 200 (1ms, 39446B)
[2026-04-07T10:25:05.772Z] GET https://cdn.tailwindcss.com/?plugins=forms → 302 (1ms, ?B)
[2026-04-07T10:25:05.772Z] GET https://fonts.googleapis.com/css2?family=Fraunces:opsz,wght@9..144,700;9..144,900&family=Inter+Tight:wght@400;500;600;700&family=JetBrains+Mono:wght@400;500;600&display=swap → 200 (?ms, 20339B)
[2026-04-07T10:25:05.772Z] GET https://fonts.googleapis.com/css2?family=Material+Symbols+Outlined:wght,FILL@100..700,0..1&display=swap → 200 (?ms, 693B)
[2026-04-07T10:25:05.772Z] GET http://localhost:8765/_shell.css → 200 (?ms, 11289B)
[2026-04-07T10:25:05.772Z] GET http://localhost:8765/_shell.js → 200 (?ms, 3712B)
[2026-04-07T10:25:05.773Z] GET https://cdn.tailwindcss.com/3.4.17?plugins=forms@0.5.10 → 200 (7ms, 417708B)
[2026-04-07T10:25:05.859Z] GET https://fonts.gstatic.com/s/fraunces/v38/6NU78FyLNQOQZAnv9bYEvDiIdE9Ea92uemAk_WBq8U_9v0c2Wa0KxC9TeP2Xz5c.woff2 → 200 (?ms, ?B)
[2026-04-07T10:25:05.860Z] GET https://fonts.gstatic.com/s/intertight/v9/NGSwv5HMAFg6IuGlBNMjxLsH8ahuQ2e8.woff2 → 200 (?ms, ?B)
[2026-04-07T10:25:05.860Z] GET https://fonts.gstatic.com/s/jetbrainsmono/v24/tDbv2o-flEEny0FZhsfKu5WU4zr3E_BX0PnT8RD8yKwBNntkaToggR7BYRbKPxDcwgknk-4.woff2 → 200 (?ms, ?B)
[2026-04-07T10:25:05.860Z] GET https://fonts.gstatic.com/s/materialsymbolsoutlined/v323/kJEPBvYX7BgnkSrUwT8OhrdQw4oELdPIeeII9v6oDMzBwG-RpA6RzaxHMPdY40KH8nGzv3fzfVJO1USv9ls.woff2 → 200 (?ms, ?B)
[2026-04-07T10:25:06.482Z] GET http://localhost:8765/briefing.html → 200 (1ms, 14134B)
[2026-04-07T10:25:06.486Z] GET https://fonts.googleapis.com/css2?family=Fraunces:opsz,wght@9..144,700;9..144,900&family=Inter+Tight:wght@400;500;600;700&family=JetBrains+Mono:wght@400;500;600&display=swap → 200 (?ms, 20339B)
[2026-04-07T10:25:06.486Z] GET https://fonts.googleapis.com/icon?family=Material+Symbols+Outlined → 200 (?ms, 704B)
[2026-04-07T10:25:06.486Z] GET http://localhost:8765/_shell.css → 200 (?ms, 11289B)
[2026-04-07T10:25:06.486Z] GET http://localhost:8765/_shell.js → 200 (?ms, 3712B)
[2026-04-07T10:25:06.488Z] GET https://fonts.gstatic.com/s/fraunces/v38/6NU78FyLNQOQZAnv9bYEvDiIdE9Ea92uemAk_WBq8U_9v0c2Wa0KxC9TeP2Xz5c.woff2 → 200 (?ms, ?B)
[2026-04-07T10:25:06.488Z] GET https://fonts.gstatic.com/s/intertight/v9/NGSwv5HMAFg6IuGlBNMjxLsH8ahuQ2e8.woff2 → 200 (?ms, ?B)
[2026-04-07T10:25:06.488Z] GET https://fonts.gstatic.com/s/jetbrainsmono/v24/tDbv2o-flEEny0FZhsfKu5WU4zr3E_BX0PnT8RD8yKwBNntkaToggR7BYRbKPxDcwgknk-4.woff2 → 200 (?ms, ?B)
[2026-04-07T10:25:06.488Z] GET https://fonts.gstatic.com/s/materialsymbolsoutlined/v323/kJF1BvYX7BgnkSrUwT8OhrdQw4oELdPIeeII9v6oDMzByHX9rA6RzaxHMPdY43zj-jCxv3fzvRNU22ZXGJpEpjC_1v-p_4MrImHCIJIZrDCvHOejbd5zrDAt.woff2 → 200 (?ms, ?B)
[2026-04-07T10:25:07.085Z] GET http://localhost:8765/markets.html → 200 (1ms, 10898B)
[2026-04-07T10:25:07.089Z] GET https://fonts.googleapis.com/css2?family=Fraunces:opsz,wght@9..144,700;9..144,900&family=Inter+Tight:wght@400;500;600;700&family=JetBrains+Mono:wght@400;500;600&display=swap → 200 (?ms, 20339B)
[2026-04-07T10:25:07.089Z] GET https://fonts.googleapis.com/icon?family=Material+Symbols+Outlined → 200 (?ms, 704B)
[2026-04-07T10:25:07.089Z] GET http://localhost:8765/_shell.css → 200 (?ms, 11289B)
[2026-04-07T10:25:07.089Z] GET http://localhost:8765/_shell.js → 200 (?ms, 3712B)
[2026-04-07T10:25:07.092Z] GET https://fonts.gstatic.com/s/fraunces/v38/6NU78FyLNQOQZAnv9bYEvDiIdE9Ea92uemAk_WBq8U_9v0c2Wa0KxC9TeP2Xz5c.woff2 → 200 (?ms, ?B)
[2026-04-07T10:25:07.093Z] GET https://fonts.gstatic.com/s/intertight/v9/NGSwv5HMAFg6IuGlBNMjxLsH8ahuQ2e8.woff2 → 200 (?ms, ?B)
[2026-04-07T10:25:07.093Z] GET https://fonts.gstatic.com/s/jetbrainsmono/v24/tDbv2o-flEEny0FZhsfKu5WU4zr3E_BX0PnT8RD8yKwBNntkaToggR7BYRbKPxDcwgknk-4.woff2 → 200 (?ms, ?B)
[2026-04-07T10:25:07.093Z] GET https://fonts.gstatic.com/s/materialsymbolsoutlined/v323/kJF1BvYX7BgnkSrUwT8OhrdQw4oELdPIeeII9v6oDMzByHX9rA6RzaxHMPdY43zj-jCxv3fzvRNU22ZXGJpEpjC_1v-p_4MrImHCIJIZrDCvHOejbd5zrDAt.woff2 → 200 (?ms, ?B)
[2026-04-07T10:25:07.686Z] GET http://localhost:8765/table.html → 200 (1ms, 32521B)
[2026-04-07T10:25:07.690Z] GET https://fonts.googleapis.com/css2?family=Fraunces:opsz,wght@9..144,700;9..144,900&family=Inter+Tight:wght@400;500;600;700&family=JetBrains+Mono:wght@400;500;600&display=swap → 200 (?ms, 20339B)
[2026-04-07T10:25:07.691Z] GET https://fonts.googleapis.com/icon?family=Material+Symbols+Outlined → 200 (?ms, 704B)
[2026-04-07T10:25:07.691Z] GET http://localhost:8765/_shell.css → 200 (?ms, 11289B)
[2026-04-07T10:25:07.691Z] GET http://localhost:8765/_shell.js → 200 (?ms, 3712B)
[2026-04-07T10:25:07.703Z] GET https://fonts.gstatic.com/s/fraunces/v38/6NU78FyLNQOQZAnv9bYEvDiIdE9Ea92uemAk_WBq8U_9v0c2Wa0KxC9TeP2Xz5c.woff2 → 200 (?ms, ?B)
[2026-04-07T10:25:07.704Z] GET https://fonts.gstatic.com/s/intertight/v9/NGSwv5HMAFg6IuGlBNMjxLsH8ahuQ2e8.woff2 → 200 (?ms, ?B)
[2026-04-07T10:25:07.704Z] GET https://fonts.gstatic.com/s/jetbrainsmono/v24/tDbv2o-flEEny0FZhsfKu5WU4zr3E_BX0PnT8RD8yKwBNntkaToggR7BYRbKPxDcwgknk-4.woff2 → 200 (?ms, ?B)
[2026-04-07T10:25:07.704Z] GET https://fonts.gstatic.com/s/materialsymbolsoutlined/v323/kJF1BvYX7BgnkSrUwT8OhrdQw4oELdPIeeII9v6oDMzByHX9rA6RzaxHMPdY43zj-jCxv3fzvRNU22ZXGJpEpjC_1v-p_4MrImHCIJIZrDCvHOejbd5zrDAt.woff2 → 200 (?ms, ?B)
[2026-04-07T10:25:08.300Z] GET http://localhost:8765/audit.html → 200 (1ms, 10649B)
[2026-04-07T10:25:08.304Z] GET https://fonts.googleapis.com/css2?family=Fraunces:opsz,wght@9..144,700;9..144,900&family=Inter+Tight:wght@400;500;600;700&family=JetBrains+Mono:wght@400;500;600&display=swap → 200 (?ms, 20339B)
[2026-04-07T10:25:08.304Z] GET https://fonts.googleapis.com/icon?family=Material+Symbols+Outlined → 200 (1ms, 704B)
[2026-04-07T10:25:08.305Z] GET http://localhost:8765/_shell.css → 200 (?ms, 11289B)
[2026-04-07T10:25:08.305Z] GET http://localhost:8765/_shell.js → 200 (?ms, 3712B)
[2026-04-07T10:25:08.311Z] GET https://fonts.gstatic.com/s/fraunces/v38/6NU78FyLNQOQZAnv9bYEvDiIdE9Ea92uemAk_WBq8U_9v0c2Wa0KxC9TeP2Xz5c.woff2 → 200 (?ms, ?B)
[2026-04-07T10:25:08.311Z] GET https://fonts.gstatic.com/s/intertight/v9/NGSwv5HMAFg6IuGlBNMjxLsH8ahuQ2e8.woff2 → 200 (?ms, ?B)
[2026-04-07T10:25:08.311Z] GET https://fonts.gstatic.com/s/jetbrainsmono/v24/tDbv2o-flEEny0FZhsfKu5WU4zr3E_BX0PnT8RD8yKwBNntkaToggR7BYRbKPxDcwgknk-4.woff2 → 200 (?ms, ?B)
[2026-04-07T10:25:08.311Z] GET https://fonts.gstatic.com/s/materialsymbolsoutlined/v323/kJF1BvYX7BgnkSrUwT8OhrdQw4oELdPIeeII9v6oDMzByHX9rA6RzaxHMPdY43zj-jCxv3fzvRNU22ZXGJpEpjC_1v-p_4MrImHCIJIZrDCvHOejbd5zrDAt.woff2 → 200 (?ms, ?B)
[2026-04-07T10:25:08.906Z] GET http://localhost:8765/components.html → 200 (1ms, 26774B)
[2026-04-07T10:25:08.910Z] GET https://fonts.googleapis.com/css2?family=Fraunces:opsz,wght@9..144,700;9..144,900&family=Inter+Tight:wght@400;500;600;700&family=JetBrains+Mono:wght@400;500;600&display=swap → 200 (?ms, 20339B)
[2026-04-07T10:25:08.910Z] GET https://fonts.googleapis.com/icon?family=Material+Symbols+Outlined → 200 (?ms, 704B)
[2026-04-07T10:25:08.910Z] GET http://localhost:8765/_shell.css → 200 (?ms, 11289B)
[2026-04-07T10:25:08.910Z] GET http://localhost:8765/_shell.js → 200 (?ms, 3712B)
[2026-04-07T10:25:08.920Z] GET https://fonts.gstatic.com/s/fraunces/v38/6NU78FyLNQOQZAnv9bYEvDiIdE9Ea92uemAk_WBq8U_9v0c2Wa0KxC9TeP2Xz5c.woff2 → 200 (?ms, ?B)
[2026-04-07T10:25:08.921Z] GET https://fonts.gstatic.com/s/intertight/v9/NGSwv5HMAFg6IuGlBNMjxLsH8ahuQ2e8.woff2 → 200 (?ms, ?B)
[2026-04-07T10:25:08.921Z] GET https://fonts.gstatic.com/s/jetbrainsmono/v24/tDbv2o-flEEny0FZhsfKu5WU4zr3E_BX0PnT8RD8yKwBNntkaToggR7BYRbKPxDcwgknk-4.woff2 → 200 (?ms, ?B)
[2026-04-07T10:25:08.921Z] GET https://fonts.gstatic.com/s/materialsymbolsoutlined/v323/kJF1BvYX7BgnkSrUwT8OhrdQw4oELdPIeeII9v6oDMzByHX9rA6RzaxHMPdY43zj-jCxv3fzvRNU22ZXGJpEpjC_1v-p_4MrImHCIJIZrDCvHOejbd5zrDAt.woff2 → 200 (?ms, ?B)
[2026-04-07T10:25:09.513Z] GET http://localhost:8765/members.html → 200 (1ms, 11456B)
[2026-04-07T10:25:09.517Z] GET https://fonts.googleapis.com/css2?family=Fraunces:opsz,wght@9..144,700;9..144,900&family=Inter+Tight:wght@400;500;600;700&family=JetBrains+Mono:wght@400;500;600&display=swap → 200 (?ms, 20339B)
[2026-04-07T10:25:09.517Z] GET https://fonts.googleapis.com/icon?family=Material+Symbols+Outlined → 200 (?ms, 704B)
[2026-04-07T10:25:09.517Z] GET http://localhost:8765/_shell.css → 200 (?ms, 11289B)
[2026-04-07T10:25:09.517Z] GET http://localhost:8765/_shell.js → 200 (?ms, 3712B)
[2026-04-07T10:25:09.518Z] GET https://fonts.gstatic.com/s/fraunces/v38/6NU78FyLNQOQZAnv9bYEvDiIdE9Ea92uemAk_WBq8U_9v0c2Wa0KxC9TeP2Xz5c.woff2 → 200 (?ms, ?B)
[2026-04-07T10:25:09.518Z] GET https://fonts.gstatic.com/s/intertight/v9/NGSwv5HMAFg6IuGlBNMjxLsH8ahuQ2e8.woff2 → 200 (?ms, ?B)
[2026-04-07T10:25:09.518Z] GET https://fonts.gstatic.com/s/jetbrainsmono/v24/tDbv2o-flEEny0FZhsfKu5WU4zr3E_BX0PnT8RD8yKwBNntkaToggR7BYRbKPxDcwgknk-4.woff2 → 200 (?ms, ?B)
[2026-04-07T10:25:09.518Z] GET https://fonts.gstatic.com/s/materialsymbolsoutlined/v323/kJF1BvYX7BgnkSrUwT8OhrdQw4oELdPIeeII9v6oDMzByHX9rA6RzaxHMPdY43zj-jCxv3fzvRNU22ZXGJpEpjC_1v-p_4MrImHCIJIZrDCvHOejbd5zrDAt.woff2 → 200 (?ms, ?B)
[2026-04-07T10:25:10.116Z] GET http://localhost:8765/documents.html → 200 (1ms, 12466B)
[2026-04-07T10:25:10.120Z] GET https://fonts.googleapis.com/css2?family=Fraunces:opsz,wght@9..144,700;9..144,900&family=Inter+Tight:wght@400;500;600;700&family=JetBrains+Mono:wght@400;500;600&display=swap → 200 (?ms, 20339B)
[2026-04-07T10:25:10.120Z] GET https://fonts.googleapis.com/icon?family=Material+Symbols+Outlined → 200 (?ms, 704B)
[2026-04-07T10:25:10.120Z] GET http://localhost:8765/_shell.css → 200 (?ms, 11289B)
[2026-04-07T10:25:10.120Z] GET http://localhost:8765/_shell.js → 200 (?ms, 3712B)
[2026-04-07T10:25:10.122Z] GET https://fonts.gstatic.com/s/fraunces/v38/6NU78FyLNQOQZAnv9bYEvDiIdE9Ea92uemAk_WBq8U_9v0c2Wa0KxC9TeP2Xz5c.woff2 → 200 (?ms, ?B)
[2026-04-07T10:25:10.122Z] GET https://fonts.gstatic.com/s/intertight/v9/NGSwv5HMAFg6IuGlBNMjxLsH8ahuQ2e8.woff2 → 200 (?ms, ?B)
[2026-04-07T10:25:10.122Z] GET https://fonts.gstatic.com/s/jetbrainsmono/v24/tDbv2o-flEEny0FZhsfKu5WU4zr3E_BX0PnT8RD8yKwBNntkaToggR7BYRbKPxDcwgknk-4.woff2 → 200 (?ms, ?B)
[2026-04-07T10:25:10.122Z] GET https://fonts.gstatic.com/s/materialsymbolsoutlined/v323/kJF1BvYX7BgnkSrUwT8OhrdQw4oELdPIeeII9v6oDMzByHX9rA6RzaxHMPdY43zj-jCxv3fzvRNU22ZXGJpEpjC_1v-p_4MrImHCIJIZrDCvHOejbd5zrDAt.woff2 → 200 (?ms, ?B)
[2026-04-07T10:25:25.618Z] GET http://localhost:8765/cockpit.html → 200 (?ms, 34406B)
[2026-04-07T10:25:25.621Z] GET https://cdn.tailwindcss.com/?plugins=forms,container-queries → 200 (?ms, 418973B)
[2026-04-07T10:25:25.621Z] GET https://fonts.googleapis.com/css2?family=Inter:wght@400;500;600;700&family=Noto+Serif:wght@700;900&family=JetBrains+Mono:wght@400;500;600&display=swap → 200 (?ms, 25391B)
[2026-04-07T10:25:25.621Z] GET https://fonts.googleapis.com/css2?family=Material+Symbols+Outlined:wght,FILL@100..700,0..1&display=swap → 200 (?ms, 693B)
[2026-04-07T10:25:25.621Z] GET http://localhost:8765/_shell.css → 304 (5ms, ?B)
[2026-04-07T10:25:25.621Z] GET http://localhost:8765/_shell.js → 200 (?ms, 3712B)
[2026-04-07T10:25:25.666Z] GET https://fonts.gstatic.com/s/inter/v20/UcC73FwrK3iLTeHuS_nVMrMxCp50SjIa1ZL7W0Q5nw.woff2 → 200 (?ms, ?B)
[2026-04-07T10:25:25.666Z] GET https://fonts.gstatic.com/s/jetbrainsmono/v24/tDbv2o-flEEny0FZhsfKu5WU4zr3E_BX0PnT8RD8yKwBNntkaToggR7BYRbKPxDcwgknk-4.woff2 → 200 (?ms, ?B)
[2026-04-07T10:25:25.666Z] GET https://fonts.gstatic.com/s/notoserif/v33/ga6daw1J5X9T9RW6j9bNVls-hfgvz8JcMofYTYf6D33WsNFH.woff2 → 200 (?ms, ?B)
[2026-04-07T10:25:25.666Z] GET https://fonts.gstatic.com/s/materialsymbolsoutlined/v323/kJEPBvYX7BgnkSrUwT8OhrdQw4oELdPIeeII9v6oDMzBwG-RpA6RzaxHMPdY40KH8nGzv3fzfVJO1USv9ls.woff2 → 200 (?ms, ?B)
[2026-04-07T10:25:26.178Z] GET http://localhost:8765/settings.html → 200 (?ms, 13900B)
[2026-04-07T10:25:26.183Z] GET https://fonts.googleapis.com/css2?family=Fraunces:opsz,wght@9..144,700;9..144,900&family=Inter+Tight:wght@400;500;600;700&family=JetBrains+Mono:wght@400;500;600&display=swap → 200 (?ms, 20339B)
[2026-04-07T10:25:26.183Z] GET https://fonts.googleapis.com/icon?family=Material+Symbols+Outlined → 200 (?ms, 704B)
[2026-04-07T10:25:26.184Z] GET http://localhost:8765/_shell.css → 200 (?ms, 11289B)
[2026-04-07T10:25:26.184Z] GET http://localhost:8765/_shell.js → 304 (8ms, ?B)
[2026-04-07T10:25:26.191Z] GET https://fonts.gstatic.com/s/fraunces/v38/6NU78FyLNQOQZAnv9bYEvDiIdE9Ea92uemAk_WBq8U_9v0c2Wa0KxC9TeP2Xz5c.woff2 → 200 (?ms, ?B)
[2026-04-07T10:25:26.191Z] GET https://fonts.gstatic.com/s/intertight/v9/NGSwv5HMAFg6IuGlBNMjxLsH8ahuQ2e8.woff2 → 200 (?ms, ?B)
[2026-04-07T10:25:26.191Z] GET https://fonts.gstatic.com/s/jetbrainsmono/v24/tDbv2o-flEEny0FZhsfKu5WU4zr3E_BX0PnT8RD8yKwBNntkaToggR7BYRbKPxDcwgknk-4.woff2 → 200 (?ms, ?B)
[2026-04-07T10:25:26.192Z] GET https://fonts.gstatic.com/s/materialsymbolsoutlined/v323/kJF1BvYX7BgnkSrUwT8OhrdQw4oELdPIeeII9v6oDMzByHX9rA6RzaxHMPdY43zj-jCxv3fzvRNU22ZXGJpEpjC_1v-p_4MrImHCIJIZrDCvHOejbd5zrDAt.woff2 → 200 (?ms, ?B)
[2026-04-07T10:25:26.683Z] GET http://localhost:8765/sources.html → 200 (?ms, 39446B)
[2026-04-07T10:25:26.686Z] GET https://cdn.tailwindcss.com/?plugins=forms → 200 (?ms, 417708B)
[2026-04-07T10:25:26.687Z] GET https://fonts.googleapis.com/css2?family=Fraunces:opsz,wght@9..144,700;9..144,900&family=Inter+Tight:wght@400;500;600;700&family=JetBrains+Mono:wght@400;500;600&display=swap → 200 (?ms, 20339B)
[2026-04-07T10:25:26.687Z] GET https://fonts.googleapis.com/css2?family=Material+Symbols+Outlined:wght,FILL@100..700,0..1&display=swap → 200 (?ms, 693B)
[2026-04-07T10:25:26.687Z] GET http://localhost:8765/_shell.css → 200 (?ms, 11289B)
[2026-04-07T10:25:26.687Z] GET http://localhost:8765/_shell.js → 200 (?ms, 3712B)
[2026-04-07T10:25:26.733Z] GET https://fonts.gstatic.com/s/fraunces/v38/6NU78FyLNQOQZAnv9bYEvDiIdE9Ea92uemAk_WBq8U_9v0c2Wa0KxC9TeP2Xz5c.woff2 → 200 (?ms, ?B)
[2026-04-07T10:25:26.733Z] GET https://fonts.gstatic.com/s/intertight/v9/NGSwv5HMAFg6IuGlBNMjxLsH8ahuQ2e8.woff2 → 200 (?ms, ?B)
[2026-04-07T10:25:26.733Z] GET https://fonts.gstatic.com/s/jetbrainsmono/v24/tDbv2o-flEEny0FZhsfKu5WU4zr3E_BX0PnT8RD8yKwBNntkaToggR7BYRbKPxDcwgknk-4.woff2 → 200 (1ms, ?B)
[2026-04-07T10:25:26.734Z] GET https://fonts.gstatic.com/s/materialsymbolsoutlined/v323/kJEPBvYX7BgnkSrUwT8OhrdQw4oELdPIeeII9v6oDMzBwG-RpA6RzaxHMPdY40KH8nGzv3fzfVJO1USv9ls.woff2 → 200 (?ms, ?B)
[2026-04-07T10:25:27.237Z] GET http://localhost:8765/briefing.html → 200 (?ms, 14134B)
[2026-04-07T10:25:27.240Z] GET https://fonts.googleapis.com/css2?family=Fraunces:opsz,wght@9..144,700;9..144,900&family=Inter+Tight:wght@400;500;600;700&family=JetBrains+Mono:wght@400;500;600&display=swap → 200 (?ms, 20339B)
[2026-04-07T10:25:27.241Z] GET https://fonts.googleapis.com/icon?family=Material+Symbols+Outlined → 200 (?ms, 704B)
[2026-04-07T10:25:27.241Z] GET http://localhost:8765/_shell.css → 200 (?ms, 11289B)
[2026-04-07T10:25:27.241Z] GET http://localhost:8765/_shell.js → 200 (?ms, 3712B)
[2026-04-07T10:25:27.242Z] GET https://fonts.gstatic.com/s/fraunces/v38/6NU78FyLNQOQZAnv9bYEvDiIdE9Ea92uemAk_WBq8U_9v0c2Wa0KxC9TeP2Xz5c.woff2 → 200 (?ms, ?B)
[2026-04-07T10:25:27.242Z] GET https://fonts.gstatic.com/s/intertight/v9/NGSwv5HMAFg6IuGlBNMjxLsH8ahuQ2e8.woff2 → 200 (?ms, ?B)
[2026-04-07T10:25:27.242Z] GET https://fonts.gstatic.com/s/jetbrainsmono/v24/tDbv2o-flEEny0FZhsfKu5WU4zr3E_BX0PnT8RD8yKwBNntkaToggR7BYRbKPxDcwgknk-4.woff2 → 200 (1ms, ?B)
[2026-04-07T10:25:27.243Z] GET https://fonts.gstatic.com/s/materialsymbolsoutlined/v323/kJF1BvYX7BgnkSrUwT8OhrdQw4oELdPIeeII9v6oDMzByHX9rA6RzaxHMPdY43zj-jCxv3fzvRNU22ZXGJpEpjC_1v-p_4MrImHCIJIZrDCvHOejbd5zrDAt.woff2 → 200 (?ms, ?B)
[2026-04-07T10:25:27.731Z] GET http://localhost:8765/markets.html → 200 (?ms, 10898B)
[2026-04-07T10:25:27.735Z] GET https://fonts.googleapis.com/css2?family=Fraunces:opsz,wght@9..144,700;9..144,900&family=Inter+Tight:wght@400;500;600;700&family=JetBrains+Mono:wght@400;500;600&display=swap → 200 (?ms, 20339B)
[2026-04-07T10:25:27.735Z] GET https://fonts.googleapis.com/icon?family=Material+Symbols+Outlined → 200 (?ms, 704B)
[2026-04-07T10:25:27.735Z] GET http://localhost:8765/_shell.css → 200 (?ms, 11289B)
[2026-04-07T10:25:27.735Z] GET http://localhost:8765/_shell.js → 200 (?ms, 3712B)
[2026-04-07T10:25:27.736Z] GET https://fonts.gstatic.com/s/fraunces/v38/6NU78FyLNQOQZAnv9bYEvDiIdE9Ea92uemAk_WBq8U_9v0c2Wa0KxC9TeP2Xz5c.woff2 → 200 (1ms, ?B)
[2026-04-07T10:25:27.737Z] GET https://fonts.gstatic.com/s/intertight/v9/NGSwv5HMAFg6IuGlBNMjxLsH8ahuQ2e8.woff2 → 200 (?ms, ?B)
[2026-04-07T10:25:27.737Z] GET https://fonts.gstatic.com/s/jetbrainsmono/v24/tDbv2o-flEEny0FZhsfKu5WU4zr3E_BX0PnT8RD8yKwBNntkaToggR7BYRbKPxDcwgknk-4.woff2 → 200 (?ms, ?B)
[2026-04-07T10:25:27.737Z] GET https://fonts.gstatic.com/s/materialsymbolsoutlined/v323/kJF1BvYX7BgnkSrUwT8OhrdQw4oELdPIeeII9v6oDMzByHX9rA6RzaxHMPdY43zj-jCxv3fzvRNU22ZXGJpEpjC_1v-p_4MrImHCIJIZrDCvHOejbd5zrDAt.woff2 → 200 (?ms, ?B)
[2026-04-07T10:25:28.282Z] GET http://localhost:8765/cockpit.html → 200 (?ms, 34406B)
[2026-04-07T10:25:28.285Z] GET https://cdn.tailwindcss.com/?plugins=forms,container-queries → 200 (?ms, 418973B)
[2026-04-07T10:25:28.285Z] GET https://fonts.googleapis.com/css2?family=Inter:wght@400;500;600;700&family=Noto+Serif:wght@700;900&family=JetBrains+Mono:wght@400;500;600&display=swap → 200 (?ms, 25391B)
[2026-04-07T10:25:28.285Z] GET https://fonts.googleapis.com/css2?family=Material+Symbols+Outlined:wght,FILL@100..700,0..1&display=swap → 200 (1ms, 693B)
[2026-04-07T10:25:28.286Z] GET http://localhost:8765/_shell.css → 200 (?ms, 11289B)
[2026-04-07T10:25:28.286Z] GET http://localhost:8765/_shell.js → 200 (?ms, 3712B)
[2026-04-07T10:25:28.334Z] GET https://fonts.gstatic.com/s/inter/v20/UcC73FwrK3iLTeHuS_nVMrMxCp50SjIa1ZL7W0Q5nw.woff2 → 200 (?ms, ?B)
[2026-04-07T10:25:28.334Z] GET https://fonts.gstatic.com/s/jetbrainsmono/v24/tDbv2o-flEEny0FZhsfKu5WU4zr3E_BX0PnT8RD8yKwBNntkaToggR7BYRbKPxDcwgknk-4.woff2 → 200 (?ms, ?B)
[2026-04-07T10:25:28.334Z] GET https://fonts.gstatic.com/s/notoserif/v33/ga6daw1J5X9T9RW6j9bNVls-hfgvz8JcMofYTYf6D33WsNFH.woff2 → 200 (?ms, ?B)
[2026-04-07T10:25:28.334Z] GET https://fonts.gstatic.com/s/materialsymbolsoutlined/v323/kJEPBvYX7BgnkSrUwT8OhrdQw4oELdPIeeII9v6oDMzBwG-RpA6RzaxHMPdY40KH8nGzv3fzfVJO1USv9ls.woff2 → 200 (?ms, ?B)
[2026-04-07T10:25:29.027Z] GET http://localhost:8765/settings.html → 200 (1ms, 13900B)
[2026-04-07T10:25:29.031Z] GET https://fonts.googleapis.com/css2?family=Fraunces:opsz,wght@9..144,700;9..144,900&family=Inter+Tight:wght@400;500;600;700&family=JetBrains+Mono:wght@400;500;600&display=swap → 200 (?ms, 20339B)
[2026-04-07T10:25:29.031Z] GET https://fonts.googleapis.com/icon?family=Material+Symbols+Outlined → 200 (?ms, 704B)
[2026-04-07T10:25:29.032Z] GET http://localhost:8765/_shell.css → 200 (?ms, 11289B)
[2026-04-07T10:25:29.032Z] GET http://localhost:8765/_shell.js → 200 (?ms, 3712B)
[2026-04-07T10:25:29.038Z] GET https://fonts.gstatic.com/s/fraunces/v38/6NU78FyLNQOQZAnv9bYEvDiIdE9Ea92uemAk_WBq8U_9v0c2Wa0KxC9TeP2Xz5c.woff2 → 200 (?ms, ?B)
[2026-04-07T10:25:29.038Z] GET https://fonts.gstatic.com/s/intertight/v9/NGSwv5HMAFg6IuGlBNMjxLsH8ahuQ2e8.woff2 → 200 (?ms, ?B)
[2026-04-07T10:25:29.039Z] GET https://fonts.gstatic.com/s/jetbrainsmono/v24/tDbv2o-flEEny0FZhsfKu5WU4zr3E_BX0PnT8RD8yKwBNntkaToggR7BYRbKPxDcwgknk-4.woff2 → 200 (?ms, ?B)
[2026-04-07T10:25:29.039Z] GET https://fonts.gstatic.com/s/materialsymbolsoutlined/v323/kJF1BvYX7BgnkSrUwT8OhrdQw4oELdPIeeII9v6oDMzByHX9rA6RzaxHMPdY43zj-jCxv3fzvRNU22ZXGJpEpjC_1v-p_4MrImHCIJIZrDCvHOejbd5zrDAt.woff2 → 200 (?ms, ?B)
[2026-04-07T10:25:29.694Z] GET http://localhost:8765/sources.html → 200 (?ms, 39446B)
[2026-04-07T10:25:29.698Z] GET https://cdn.tailwindcss.com/?plugins=forms → 200 (?ms, 417708B)
[2026-04-07T10:25:29.698Z] GET https://fonts.googleapis.com/css2?family=Fraunces:opsz,wght@9..144,700;9..144,900&family=Inter+Tight:wght@400;500;600;700&family=JetBrains+Mono:wght@400;500;600&display=swap → 200 (?ms, 20339B)
[2026-04-07T10:25:29.698Z] GET https://fonts.googleapis.com/css2?family=Material+Symbols+Outlined:wght,FILL@100..700,0..1&display=swap → 200 (?ms, 693B)
[2026-04-07T10:25:29.698Z] GET http://localhost:8765/_shell.css → 200 (?ms, 11289B)
[2026-04-07T10:25:29.698Z] GET http://localhost:8765/_shell.js → 200 (?ms, 3712B)
[2026-04-07T10:25:29.746Z] GET https://fonts.gstatic.com/s/fraunces/v38/6NU78FyLNQOQZAnv9bYEvDiIdE9Ea92uemAk_WBq8U_9v0c2Wa0KxC9TeP2Xz5c.woff2 → 200 (?ms, ?B)
[2026-04-07T10:25:29.747Z] GET https://fonts.gstatic.com/s/intertight/v9/NGSwv5HMAFg6IuGlBNMjxLsH8ahuQ2e8.woff2 → 200 (2ms, ?B)
[2026-04-07T10:25:29.749Z] GET https://fonts.gstatic.com/s/jetbrainsmono/v24/tDbv2o-flEEny0FZhsfKu5WU4zr3E_BX0PnT8RD8yKwBNntkaToggR7BYRbKPxDcwgknk-4.woff2 → 200 (?ms, ?B)
[2026-04-07T10:25:29.749Z] GET https://fonts.gstatic.com/s/materialsymbolsoutlined/v323/kJEPBvYX7BgnkSrUwT8OhrdQw4oELdPIeeII9v6oDMzBwG-RpA6RzaxHMPdY40KH8nGzv3fzfVJO1USv9ls.woff2 → 200 (?ms, ?B)
[2026-04-07T10:25:30.436Z] GET http://localhost:8765/components.html → 200 (?ms, 26774B)
[2026-04-07T10:25:30.439Z] GET https://fonts.googleapis.com/css2?family=Fraunces:opsz,wght@9..144,700;9..144,900&family=Inter+Tight:wght@400;500;600;700&family=JetBrains+Mono:wght@400;500;600&display=swap → 200 (?ms, 20339B)
[2026-04-07T10:25:30.439Z] GET https://fonts.googleapis.com/icon?family=Material+Symbols+Outlined → 200 (?ms, 704B)
[2026-04-07T10:25:30.439Z] GET http://localhost:8765/_shell.css → 200 (?ms, 11289B)
[2026-04-07T10:25:30.439Z] GET http://localhost:8765/_shell.js → 200 (?ms, 3712B)
[2026-04-07T10:25:30.449Z] GET https://fonts.gstatic.com/s/fraunces/v38/6NU78FyLNQOQZAnv9bYEvDiIdE9Ea92uemAk_WBq8U_9v0c2Wa0KxC9TeP2Xz5c.woff2 → 200 (?ms, ?B)
[2026-04-07T10:25:30.449Z] GET https://fonts.gstatic.com/s/intertight/v9/NGSwv5HMAFg6IuGlBNMjxLsH8ahuQ2e8.woff2 → 200 (?ms, ?B)
[2026-04-07T10:25:30.449Z] GET https://fonts.gstatic.com/s/jetbrainsmono/v24/tDbv2o-flEEny0FZhsfKu5WU4zr3E_BX0PnT8RD8yKwBNntkaToggR7BYRbKPxDcwgknk-4.woff2 → 200 (1ms, ?B)
[2026-04-07T10:25:30.450Z] GET https://fonts.gstatic.com/s/materialsymbolsoutlined/v323/kJF1BvYX7BgnkSrUwT8OhrdQw4oELdPIeeII9v6oDMzByHX9rA6RzaxHMPdY43zj-jCxv3fzvRNU22ZXGJpEpjC_1v-p_4MrImHCIJIZrDCvHOejbd5zrDAt.woff2 → 200 (?ms, ?B)
[2026-04-07T10:37:39.026Z] GET http://localhost:8765/table.html → 200 (4ms, 39217B)
[2026-04-07T10:37:39.033Z] GET https://fonts.googleapis.com/css2?family=Fraunces:opsz,wght@9..144,700;9..144,900&family=Inter+Tight:wght@400;500;600;700&family=JetBrains+Mono:wght@400;500;600&display=swap → 200 (?ms, 20339B)
[2026-04-07T10:37:39.033Z] GET https://fonts.googleapis.com/icon?family=Material+Symbols+Outlined → 200 (?ms, 704B)
[2026-04-07T10:37:39.033Z] GET http://localhost:8765/_shell.css → 304 (1ms, ?B)
[2026-04-07T10:37:39.033Z] GET http://localhost:8765/_shell.js → 304 (1ms, ?B)
[2026-04-07T10:37:39.045Z] GET https://fonts.gstatic.com/s/fraunces/v38/6NU78FyLNQOQZAnv9bYEvDiIdE9Ea92uemAk_WBq8U_9v0c2Wa0KxC9TeP2Xz5c.woff2 → 200 (?ms, ?B)
[2026-04-07T10:37:39.045Z] GET https://fonts.gstatic.com/s/intertight/v9/NGSwv5HMAFg6IuGlBNMjxLsH8ahuQ2e8.woff2 → 200 (?ms, ?B)
[2026-04-07T10:37:39.045Z] GET https://fonts.gstatic.com/s/jetbrainsmono/v24/tDbv2o-flEEny0FZhsfKu5WU4zr3E_BX0PnT8RD8yKwBNntkaToggR7BYRbKPxDcwgknk-4.woff2 → 200 (?ms, ?B)
[2026-04-07T10:37:39.045Z] GET https://fonts.gstatic.com/s/materialsymbolsoutlined/v323/kJF1BvYX7BgnkSrUwT8OhrdQw4oELdPIeeII9v6oDMzByHX9rA6RzaxHMPdY43zj-jCxv3fzvRNU22ZXGJpEpjC_1v-p_4MrImHCIJIZrDCvHOejbd5zrDAt.woff2 → 200 (?ms, ?B)
[2026-04-07T10:37:39.745Z] GET http://localhost:8765/table.html → 200 (?ms, 39217B)
[2026-04-07T10:37:39.747Z] GET https://fonts.googleapis.com/css2?family=Fraunces:opsz,wght@9..144,700;9..144,900&family=Inter+Tight:wght@400;500;600;700&family=JetBrains+Mono:wght@400;500;600&display=swap → 200 (?ms, 20339B)
[2026-04-07T10:37:39.747Z] GET https://fonts.googleapis.com/icon?family=Material+Symbols+Outlined → 200 (?ms, 704B)
[2026-04-07T10:37:39.747Z] GET http://localhost:8765/_shell.css → 200 (?ms, 11289B)
[2026-04-07T10:37:39.747Z] GET http://localhost:8765/_shell.js → 200 (?ms, 3712B)
[2026-04-07T10:37:39.758Z] GET https://fonts.gstatic.com/s/fraunces/v38/6NU78FyLNQOQZAnv9bYEvDiIdE9Ea92uemAk_WBq8U_9v0c2Wa0KxC9TeP2Xz5c.woff2 → 200 (?ms, ?B)
[2026-04-07T10:37:39.758Z] GET https://fonts.gstatic.com/s/intertight/v9/NGSwv5HMAFg6IuGlBNMjxLsH8ahuQ2e8.woff2 → 200 (?ms, ?B)
[2026-04-07T10:37:39.758Z] GET https://fonts.gstatic.com/s/jetbrainsmono/v24/tDbv2o-flEEny0FZhsfKu5WU4zr3E_BX0PnT8RD8yKwBNntkaToggR7BYRbKPxDcwgknk-4.woff2 → 200 (?ms, ?B)
[2026-04-07T10:37:39.758Z] GET https://fonts.gstatic.com/s/materialsymbolsoutlined/v323/kJF1BvYX7BgnkSrUwT8OhrdQw4oELdPIeeII9v6oDMzByHX9rA6RzaxHMPdY43zj-jCxv3fzvRNU22ZXGJpEpjC_1v-p_4MrImHCIJIZrDCvHOejbd5zrDAt.woff2 → 200 (?ms, ?B)
